;  LST file generated by mikroListExporter - v.2.0 
; Date/Time: 31/07/2023 02:32:18 p. m.
;----------------------------------------------

;Address Opcode 	ASM
0x0000	0xF000EF0E  	GOTO        28
0x0004	0x0000      	NOP
0x0006	0x0000      	NOP
0x0008	0xF000EF00  	GOTO        0
0x000C	0x0000      	NOP
0x000E	0x0000      	NOP
0x0010	0x0000      	NOP
0x0012	0x0000      	NOP
0x0014	0x0000      	NOP
0x0016	0x0000      	NOP
0x0018	0xD7F3      	BRA         0
_main:
;ADCON1.c,2 :: 		void main() {
;ADCON1.c,4 :: 		TRISC = 0x00;
0x001C	0x6A94      	CLRF        TRISC 
;ADCON1.c,5 :: 		TRISD = 0x00;
0x001E	0x6A95      	CLRF        TRISD 
;ADCON1.c,8 :: 		ADCON1 = 14;
0x0020	0x0E0E      	MOVLW       14
0x0022	0x6EC1      	MOVWF       ADCON1 
;ADCON1.c,10 :: 		CHS3_bit =0;
0x0024	0x9AC2      	BCF         CHS3_bit, BitPos(CHS3_bit+0) 
;ADCON1.c,11 :: 		CHS2_bit =0;
0x0026	0x98C2      	BCF         CHS2_bit, BitPos(CHS2_bit+0) 
;ADCON1.c,12 :: 		CHS1_bit =0;
0x0028	0x96C2      	BCF         CHS1_bit, BitPos(CHS1_bit+0) 
;ADCON1.c,13 :: 		CHS0_bit =0;
0x002A	0x94C2      	BCF         CHS0_bit, BitPos(CHS0_bit+0) 
;ADCON1.c,16 :: 		ACQT2_bit = 0;
0x002C	0x9AC0      	BCF         ACQT2_bit, BitPos(ACQT2_bit+0) 
;ADCON1.c,17 :: 		ACQT1_bit = 1;
0x002E	0x88C0      	BSF         ACQT1_bit, BitPos(ACQT1_bit+0) 
;ADCON1.c,18 :: 		ACQT0_bit = 0;
0x0030	0x96C0      	BCF         ACQT0_bit, BitPos(ACQT0_bit+0) 
;ADCON1.c,20 :: 		ADCS2_bit = 1;
0x0032	0x84C0      	BSF         ADCS2_bit, BitPos(ADCS2_bit+0) 
;ADCON1.c,21 :: 		ADCS1_bit = 0;
0x0034	0x92C0      	BCF         ADCS1_bit, BitPos(ADCS1_bit+0) 
;ADCON1.c,22 :: 		ADCS0_bit = 0;
0x0036	0x90C0      	BCF         ADCS0_bit, BitPos(ADCS0_bit+0) 
;ADCON1.c,25 :: 		ADFM_bit = 1;
0x0038	0x8EC0      	BSF         ADFM_bit, BitPos(ADFM_bit+0) 
;ADCON1.c,27 :: 		ADON_bit = 1;
0x003A	0x80C2      	BSF         ADON_bit, BitPos(ADON_bit+0) 
;ADCON1.c,29 :: 		while(1){
L_main0:
;ADCON1.c,30 :: 		GO_DONE_bit = 1;
0x003C	0x82C2      	BSF         GO_DONE_bit, BitPos(GO_DONE_bit+0) 
;ADCON1.c,32 :: 		while(GO_DONE_bit ==1);
L_main2:
0x003E	0xA2C2      	BTFSS       GO_DONE_bit, BitPos(GO_DONE_bit+0) 
0x0040	0xD001      	BRA         L_main3
0x0042	0xD7FD      	BRA         L_main2
L_main3:
;ADCON1.c,33 :: 		LATC = ADRESH;
0x0044	0xFF8BCFC4  	MOVFF       ADRESH, LATC
;ADCON1.c,34 :: 		LATD = ADRESL;
0x0048	0xFF8CCFC3  	MOVFF       ADRESL, LATD
;ADCON1.c,36 :: 		delay_us(20);
0x004C	0x0E06      	MOVLW       6
0x004E	0x6E0D      	MOVWF       R13, 0
L_main4:
0x0050	0x2E0D      	DECFSZ      R13, 1, 0
0x0052	0xD7FE      	BRA         L_main4
0x0054	0x0000      	NOP
;ADCON1.c,38 :: 		}
0x0056	0xD7F2      	BRA         L_main0
;ADCON1.c,40 :: 		}
L_end_main:
0x0058	0xD7FF      	BRA         $+0
; end of _main
Symbol List:
//** Routines locations **
//ADDRESS    SIZE    PROCEDURE
//----------------------------------------------
0x001C      [62]    _main
//** Variables locations ** 
//ADDRESS    SIZE    VARIABLE
//----------------------------------------------
0x0000       [1]    R0
0x0001       [1]    R1
0x0002       [1]    R2
0x0003       [1]    R3
0x0004       [1]    R4
0x0005       [1]    R5
0x0006       [1]    R6
0x0007       [1]    R7
0x0008       [1]    R8
0x0009       [1]    R9
0x000A       [1]    R10
0x000B       [1]    R11
0x000C       [1]    R12
0x000D       [1]    R13
0x000E       [1]    R14
0x000F       [1]    R15
0x0010       [1]    R16
0x0011       [1]    R17
0x0012       [1]    R18
0x0013       [1]    R19
0x0014       [1]    R20
0x0F8B       [1]    LATC
0x0F8C       [1]    LATD
0x0F94       [1]    TRISC
0x0F95       [1]    TRISD
0x0FC0       [0]    ADCS2_bit
0x0FC0       [0]    ACQT2_bit
0x0FC0       [0]    ACQT1_bit
0x0FC0       [0]    ADCS0_bit
0x0FC0       [0]    ADFM_bit
0x0FC0       [0]    ADCS1_bit
0x0FC0       [0]    ACQT0_bit
0x0FC1       [1]    ADCON1
0x0FC2       [0]    CHS1_bit
0x0FC2       [0]    GO_DONE_bit
0x0FC2       [0]    CHS3_bit
0x0FC2       [0]    CHS2_bit
0x0FC2       [0]    CHS0_bit
0x0FC2       [0]    ADON_bit
0x0FC3       [1]    ADRESL
0x0FC4       [1]    ADRESH
0x0FD8       [1]    STATUS
0x0FD9       [1]    FSR2L
0x0FDA       [1]    FSR2H
0x0FDE       [1]    POSTINC2
0x0FE0       [1]    BSR
0x0FE1       [1]    FSR1L
0x0FE2       [1]    FSR1H
0x0FE4       [1]    PREINC1
0x0FE6       [1]    POSTINC1
0x0FE7       [1]    INDF1
0x0FE8       [1]    WREG
0x0FE9       [1]    FSR0L
0x0FEA       [1]    FSR0H
0x0FEE       [1]    POSTINC0
0x0FF3       [1]    PRODL
0x0FF4       [1]    PRODH
0x0FF5       [1]    TABLAT
0x0FF6       [1]    TBLPTRL
0x0FF7       [1]    TBLPTRH
0x0FF8       [1]    TBLPTRU
