;  LST file generated by mikroListExporter - v.2.0 
; Date/Time: 24/07/2023 04:24:37 p. m.
;----------------------------------------------

;Address Opcode 	ASM
0x0000	0xF000EF97  	GOTO        302
0x0004	0x0000      	NOP
0x0006	0x0000      	NOP
0x0008	0xF000EF00  	GOTO        0
0x000C	0x0000      	NOP
0x000E	0x0000      	NOP
0x0010	0x0000      	NOP
0x0012	0x0000      	NOP
0x0014	0x0000      	NOP
0x0016	0x0000      	NOP
0x0018	0xD7F3      	BRA         0
_deco_cc:
;decodificador_7seg.h,1 :: 		char deco_cc(char num){
;decodificador_7seg.h,4 :: 		switch(num){
0x001C	0xD01E      	BRA         L_deco_cc0
;decodificador_7seg.h,5 :: 		case 0: var = 63; break;
L_deco_cc2:
0x001E	0x0E3F      	MOVLW       63
0x0020	0x6E01      	MOVWF       R1 
0x0022	0xD039      	BRA         L_deco_cc1
;decodificador_7seg.h,6 :: 		case 1: var =  6; break;
L_deco_cc3:
0x0024	0x0E06      	MOVLW       6
0x0026	0x6E01      	MOVWF       R1 
0x0028	0xD036      	BRA         L_deco_cc1
;decodificador_7seg.h,7 :: 		case 2: var = 91; break;
L_deco_cc4:
0x002A	0x0E5B      	MOVLW       91
0x002C	0x6E01      	MOVWF       R1 
0x002E	0xD033      	BRA         L_deco_cc1
;decodificador_7seg.h,8 :: 		case 3: var = 79; break;
L_deco_cc5:
0x0030	0x0E4F      	MOVLW       79
0x0032	0x6E01      	MOVWF       R1 
0x0034	0xD030      	BRA         L_deco_cc1
;decodificador_7seg.h,9 :: 		case 4: var =102; break;
L_deco_cc6:
0x0036	0x0E66      	MOVLW       102
0x0038	0x6E01      	MOVWF       R1 
0x003A	0xD02D      	BRA         L_deco_cc1
;decodificador_7seg.h,10 :: 		case 5: var =109; break;
L_deco_cc7:
0x003C	0x0E6D      	MOVLW       109
0x003E	0x6E01      	MOVWF       R1 
0x0040	0xD02A      	BRA         L_deco_cc1
;decodificador_7seg.h,11 :: 		case 6: var =125; break;
L_deco_cc8:
0x0042	0x0E7D      	MOVLW       125
0x0044	0x6E01      	MOVWF       R1 
0x0046	0xD027      	BRA         L_deco_cc1
;decodificador_7seg.h,12 :: 		case 7: var =  7; break;
L_deco_cc9:
0x0048	0x0E07      	MOVLW       7
0x004A	0x6E01      	MOVWF       R1 
0x004C	0xD024      	BRA         L_deco_cc1
;decodificador_7seg.h,13 :: 		case 8: var =127; break;
L_deco_cc10:
0x004E	0x0E7F      	MOVLW       127
0x0050	0x6E01      	MOVWF       R1 
0x0052	0xD021      	BRA         L_deco_cc1
;decodificador_7seg.h,14 :: 		case 9: var =103; break;
L_deco_cc11:
0x0054	0x0E67      	MOVLW       103
0x0056	0x6E01      	MOVWF       R1 
0x0058	0xD01E      	BRA         L_deco_cc1
;decodificador_7seg.h,16 :: 		}
L_deco_cc0:
0x005A	0x5019      	MOVF        FARG_deco_cc_num, 0 
0x005C	0x0A00      	XORLW       0
0x005E	0xE0DF      	BZ          L_deco_cc2
0x0060	0x5019      	MOVF        FARG_deco_cc_num, 0 
0x0062	0x0A01      	XORLW       1
0x0064	0xE0DF      	BZ          L_deco_cc3
0x0066	0x5019      	MOVF        FARG_deco_cc_num, 0 
0x0068	0x0A02      	XORLW       2
0x006A	0xE0DF      	BZ          L_deco_cc4
0x006C	0x5019      	MOVF        FARG_deco_cc_num, 0 
0x006E	0x0A03      	XORLW       3
0x0070	0xE0DF      	BZ          L_deco_cc5
0x0072	0x5019      	MOVF        FARG_deco_cc_num, 0 
0x0074	0x0A04      	XORLW       4
0x0076	0xE0DF      	BZ          L_deco_cc6
0x0078	0x5019      	MOVF        FARG_deco_cc_num, 0 
0x007A	0x0A05      	XORLW       5
0x007C	0xE0DF      	BZ          L_deco_cc7
0x007E	0x5019      	MOVF        FARG_deco_cc_num, 0 
0x0080	0x0A06      	XORLW       6
0x0082	0xE0DF      	BZ          L_deco_cc8
0x0084	0x5019      	MOVF        FARG_deco_cc_num, 0 
0x0086	0x0A07      	XORLW       7
0x0088	0xE0DF      	BZ          L_deco_cc9
0x008A	0x5019      	MOVF        FARG_deco_cc_num, 0 
0x008C	0x0A08      	XORLW       8
0x008E	0xE0DF      	BZ          L_deco_cc10
0x0090	0x5019      	MOVF        FARG_deco_cc_num, 0 
0x0092	0x0A09      	XORLW       9
0x0094	0xE0DF      	BZ          L_deco_cc11
L_deco_cc1:
;decodificador_7seg.h,17 :: 		return var;
0x0096	0xF000C001  	MOVFF       R1, R0
;decodificador_7seg.h,18 :: 		}
L_end_deco_cc:
0x009A	0x0012      	RETURN      0
; end of _deco_cc
_deco_ac:
;decodificador_7seg.h,19 :: 		char deco_ac(char num){
;decodificador_7seg.h,22 :: 		switch(num){
0x009C	0xD01E      	BRA         L_deco_ac12
;decodificador_7seg.h,23 :: 		case 0: var = 63; break;
L_deco_ac14:
0x009E	0x0E3F      	MOVLW       63
0x00A0	0x6E01      	MOVWF       R1 
0x00A2	0xD039      	BRA         L_deco_ac13
;decodificador_7seg.h,24 :: 		case 1: var =  6; break;
L_deco_ac15:
0x00A4	0x0E06      	MOVLW       6
0x00A6	0x6E01      	MOVWF       R1 
0x00A8	0xD036      	BRA         L_deco_ac13
;decodificador_7seg.h,25 :: 		case 2: var = 91; break;
L_deco_ac16:
0x00AA	0x0E5B      	MOVLW       91
0x00AC	0x6E01      	MOVWF       R1 
0x00AE	0xD033      	BRA         L_deco_ac13
;decodificador_7seg.h,26 :: 		case 3: var = 79; break;
L_deco_ac17:
0x00B0	0x0E4F      	MOVLW       79
0x00B2	0x6E01      	MOVWF       R1 
0x00B4	0xD030      	BRA         L_deco_ac13
;decodificador_7seg.h,27 :: 		case 4: var =102; break;
L_deco_ac18:
0x00B6	0x0E66      	MOVLW       102
0x00B8	0x6E01      	MOVWF       R1 
0x00BA	0xD02D      	BRA         L_deco_ac13
;decodificador_7seg.h,28 :: 		case 5: var =109; break;
L_deco_ac19:
0x00BC	0x0E6D      	MOVLW       109
0x00BE	0x6E01      	MOVWF       R1 
0x00C0	0xD02A      	BRA         L_deco_ac13
;decodificador_7seg.h,29 :: 		case 6: var =125; break;
L_deco_ac20:
0x00C2	0x0E7D      	MOVLW       125
0x00C4	0x6E01      	MOVWF       R1 
0x00C6	0xD027      	BRA         L_deco_ac13
;decodificador_7seg.h,30 :: 		case 7: var =  7; break;
L_deco_ac21:
0x00C8	0x0E07      	MOVLW       7
0x00CA	0x6E01      	MOVWF       R1 
0x00CC	0xD024      	BRA         L_deco_ac13
;decodificador_7seg.h,31 :: 		case 8: var =127; break;
L_deco_ac22:
0x00CE	0x0E7F      	MOVLW       127
0x00D0	0x6E01      	MOVWF       R1 
0x00D2	0xD021      	BRA         L_deco_ac13
;decodificador_7seg.h,32 :: 		case 9: var =103; break;
L_deco_ac23:
0x00D4	0x0E67      	MOVLW       103
0x00D6	0x6E01      	MOVWF       R1 
0x00D8	0xD01E      	BRA         L_deco_ac13
;decodificador_7seg.h,34 :: 		}
L_deco_ac12:
0x00DA	0x5019      	MOVF        FARG_deco_ac_num, 0 
0x00DC	0x0A00      	XORLW       0
0x00DE	0xE0DF      	BZ          L_deco_ac14
0x00E0	0x5019      	MOVF        FARG_deco_ac_num, 0 
0x00E2	0x0A01      	XORLW       1
0x00E4	0xE0DF      	BZ          L_deco_ac15
0x00E6	0x5019      	MOVF        FARG_deco_ac_num, 0 
0x00E8	0x0A02      	XORLW       2
0x00EA	0xE0DF      	BZ          L_deco_ac16
0x00EC	0x5019      	MOVF        FARG_deco_ac_num, 0 
0x00EE	0x0A03      	XORLW       3
0x00F0	0xE0DF      	BZ          L_deco_ac17
0x00F2	0x5019      	MOVF        FARG_deco_ac_num, 0 
0x00F4	0x0A04      	XORLW       4
0x00F6	0xE0DF      	BZ          L_deco_ac18
0x00F8	0x5019      	MOVF        FARG_deco_ac_num, 0 
0x00FA	0x0A05      	XORLW       5
0x00FC	0xE0DF      	BZ          L_deco_ac19
0x00FE	0x5019      	MOVF        FARG_deco_ac_num, 0 
0x0100	0x0A06      	XORLW       6
0x0102	0xE0DF      	BZ          L_deco_ac20
0x0104	0x5019      	MOVF        FARG_deco_ac_num, 0 
0x0106	0x0A07      	XORLW       7
0x0108	0xE0DF      	BZ          L_deco_ac21
0x010A	0x5019      	MOVF        FARG_deco_ac_num, 0 
0x010C	0x0A08      	XORLW       8
0x010E	0xE0DF      	BZ          L_deco_ac22
0x0110	0x5019      	MOVF        FARG_deco_ac_num, 0 
0x0112	0x0A09      	XORLW       9
0x0114	0xE0DF      	BZ          L_deco_ac23
L_deco_ac13:
;decodificador_7seg.h,35 :: 		return (127-var);
0x0116	0x5001      	MOVF        R1, 0 
0x0118	0x087F      	SUBLW       127
0x011A	0x6E00      	MOVWF       R0 
;decodificador_7seg.h,36 :: 		}
L_end_deco_ac:
0x011C	0x0012      	RETURN      0
; end of _deco_ac
___CC2DW:
;__Lib_System.c,21 :: 		
;__Lib_System.c,23 :: 		
_CC2DL_Loop1:
;__Lib_System.c,24 :: 		
0x011E	0x0009      	TBLRD*+
;__Lib_System.c,25 :: 		
0x0120	0xFFE6CFF5  	MOVFF       TABLAT, POSTINC1
;__Lib_System.c,26 :: 		
0x0124	0x0600      	DECF        R0, 1, 0
;__Lib_System.c,27 :: 		
0x0126	0xE1FB      	BNZ         _CC2DL_Loop1
;__Lib_System.c,28 :: 		
0x0128	0x0601      	DECF        R1, 1, 0
;__Lib_System.c,29 :: 		
0x012A	0xE1F9      	BNZ         _CC2DL_Loop1
;__Lib_System.c,31 :: 		
L_end___CC2DW:
0x012C	0x0012      	RETURN      0
; end of ___CC2DW
_main:
0x012E	0x0E3F      	MOVLW       63
0x0130	0x6E15      	MOVWF       _dat 
0x0132	0x6A16      	CLRF        22 
0x0134	0x0E1E      	MOVLW       30
0x0136	0x6E17      	MOVWF       _dat2 
0x0138	0x6A18      	CLRF        24 
;Menejo_bits.c,4 :: 		void main() {
;Menejo_bits.c,5 :: 		ADCON1 = 0x0F;
0x013A	0x0E0F      	MOVLW       15
0x013C	0x6EC1      	MOVWF       ADCON1 
;Menejo_bits.c,6 :: 		TRISA  = 0x00;
0x013E	0x6A92      	CLRF        TRISA 
;Menejo_bits.c,7 :: 		TRISD  = 0x00;
0x0140	0x6A95      	CLRF        TRISD 
;Menejo_bits.c,8 :: 		TRISB  = 0xFF;
0x0142	0x0EFF      	MOVLW       255
0x0144	0x6E93      	MOVWF       TRISB 
;Menejo_bits.c,10 :: 		LATD = dat^dat2;
0x0146	0x5017      	MOVF        _dat2, 0 
0x0148	0x1815      	XORWF       _dat, 0 
0x014A	0x6E8C      	MOVWF       LATD 
;Menejo_bits.c,11 :: 		LATA = ~deco_cc(3);
0x014C	0x0E03      	MOVLW       3
0x014E	0x6E19      	MOVWF       FARG_deco_cc_num 
0x0150	0xDF65      	RCALL       _deco_cc
0x0152	0x1C00      	COMF        R0, 0 
0x0154	0x6E89      	MOVWF       LATA 
;Menejo_bits.c,15 :: 		while(1){
L_main24:
;Menejo_bits.c,17 :: 		LATA = deco_ac(PORTB&0x0F);  //Mover con nibble 1
0x0156	0x0E0F      	MOVLW       15
0x0158	0x1481      	ANDWF       PORTB, 0 
0x015A	0x6E19      	MOVWF       FARG_deco_ac_num 
0x015C	0xDF9F      	RCALL       _deco_ac
0x015E	0xFF89C000  	MOVFF       R0, LATA
;Menejo_bits.c,20 :: 		}
0x0162	0xD7F9      	BRA         L_main24
;Menejo_bits.c,23 :: 		}
L_end_main:
0x0164	0xD7FF      	BRA         $+0
; end of _main
Symbol List:
//** Routines locations **
//ADDRESS    SIZE    PROCEDURE
//----------------------------------------------
0x001C     [128]    _deco_cc
0x009C     [130]    _deco_ac
0x011E      [16]    ___CC2DW
0x012E      [56]    _main
//** Variables locations ** 
//ADDRESS    SIZE    VARIABLE
//----------------------------------------------
0x0000       [1]    R0
0x0001       [1]    deco_cc_var_L0
0x0001       [1]    R1
0x0001       [1]    deco_ac_var_L0
0x0002       [1]    R2
0x0003       [1]    R3
0x0004       [1]    R4
0x0005       [1]    R5
0x0006       [1]    R6
0x0007       [1]    R7
0x0008       [1]    R8
0x0009       [1]    R9
0x000A       [1]    R10
0x000B       [1]    R11
0x000C       [1]    R12
0x000D       [1]    R13
0x000E       [1]    R14
0x000F       [1]    R15
0x0010       [1]    R16
0x0011       [1]    R17
0x0012       [1]    R18
0x0013       [1]    R19
0x0014       [1]    R20
0x0015       [2]    _dat
0x0017       [2]    _dat2
0x0019       [1]    FARG_deco_ac_num
0x0019       [1]    FARG_deco_cc_num
0x0F81       [1]    PORTB
0x0F89       [1]    LATA
0x0F8C       [1]    LATD
0x0F92       [1]    TRISA
0x0F93       [1]    TRISB
0x0F95       [1]    TRISD
0x0FC1       [1]    ADCON1
0x0FD8       [1]    STATUS
0x0FD9       [1]    FSR2L
0x0FDA       [1]    FSR2H
0x0FDE       [1]    POSTINC2
0x0FE0       [1]    BSR
0x0FE1       [1]    FSR1L
0x0FE2       [1]    FSR1H
0x0FE4       [1]    PREINC1
0x0FE6       [1]    POSTINC1
0x0FE7       [1]    INDF1
0x0FE8       [1]    WREG
0x0FE9       [1]    FSR0L
0x0FEA       [1]    FSR0H
0x0FEE       [1]    POSTINC0
0x0FF3       [1]    PRODL
0x0FF4       [1]    PRODH
0x0FF5       [1]    TABLAT
0x0FF6       [1]    TBLPTRL
0x0FF7       [1]    TBLPTRH
0x0FF8       [1]    TBLPTRU
