;  LST file generated by mikroListExporter - v.2.0 
; Date/Time: 13/08/2025 01:47:27 p. m.
;----------------------------------------------

;Address Opcode 	ASM
0x0000	0xF001EF5D  	GOTO        698
_Interrupt:
;tramasDatos.c,6 :: 		void Interrupt(){
0x0008	0xF016C000  	MOVFF       R0, 22
0x000C	0xF015C001  	MOVFF       R1, 21
;tramasDatos.c,8 :: 		if(RCIF_bit ==1){                       //  0 1 2 3
0x0010	0xF019CFE1  	MOVFF       FSR1L, 25
0x0014	0xF01ACFE2  	MOVFF       FSR1H, 26
0x0018	0xF017CFE9  	MOVFF       FSR0L, 23
0x001C	0xF018CFEA  	MOVFF       FSR0H, 24
0x0020	0xAA9E      	BTFSS       RCIF_bit, BitPos(RCIF_bit+0) 
0x0022	0xD020      	BRA         L_Interrupt0
;tramasDatos.c,9 :: 		trama[indice] = UART1_Read();       //J U A N
0x0024	0x0E1B      	MOVLW       _trama
0x0026	0x6E5F      	MOVWF       FLOC__Interrupt 
0x0028	0x0E00      	MOVLW       hi_addr(_trama)
0x002A	0x0100      	MOVLB       0
0x002C	0x6F60      	MOVWF       FLOC__Interrupt+1, 1
0x002E	0x5044      	MOVF        _indice, 0 
0x0030	0x265F      	ADDWF       FLOC__Interrupt, 1 
0x0032	0xB0D8      	BTFSC       STATUS, 0 
0x0034	0x2B60      	INCF        FLOC__Interrupt+1, 1, 1
0x0036	0xD885      	RCALL       _UART1_Read
0x0038	0xFFE1C05F  	MOVFF       FLOC__Interrupt, FSR1L
0x003C	0xFFE2C060  	MOVFF       FLOC__Interrupt+1, FSR1H
0x0040	0xFFE6C000  	MOVFF       R0, POSTINC1
;tramasDatos.c,11 :: 		if(trama[indice] == '#'){
0x0044	0x0E1B      	MOVLW       _trama
0x0046	0x6EE9      	MOVWF       FSR0L 
0x0048	0x0E00      	MOVLW       hi_addr(_trama)
0x004A	0x6EEA      	MOVWF       FSR0L+1 
0x004C	0x5044      	MOVF        _indice, 0 
0x004E	0x26E9      	ADDWF       FSR0L, 1 
0x0050	0xB0D8      	BTFSC       STATUS, 0 
0x0052	0x2AEA      	INCF        FSR0L+1, 1 
0x0054	0x50EE      	MOVF        POSTINC0, 0 
0x0056	0x0A23      	XORLW       35
0x0058	0xE103      	BNZ         L_Interrupt1
;tramasDatos.c,13 :: 		banderaRx=1;
0x005A	0x0E01      	MOVLW       1
0x005C	0x6E2F      	MOVWF       _banderaRx 
;tramasDatos.c,15 :: 		}
0x005E	0xD001      	BRA         L_Interrupt2
L_Interrupt1:
;tramasDatos.c,17 :: 		indice++;
0x0060	0x2A44      	INCF        _indice, 1 
;tramasDatos.c,18 :: 		}
L_Interrupt2:
;tramasDatos.c,21 :: 		RCIF_bit = 0;
0x0062	0x9A9E      	BCF         RCIF_bit, BitPos(RCIF_bit+0) 
;tramasDatos.c,23 :: 		}
L_Interrupt0:
;tramasDatos.c,25 :: 		}
L_end_Interrupt:
L__Interrupt21:
0x0064	0xF000C016  	MOVFF       22, R0
0x0068	0xF001C015  	MOVFF       21, R1
0x006C	0xFFE9C017  	MOVFF       23, FSR0L
0x0070	0xFFEAC018  	MOVFF       24, FSR0H
0x0074	0xFFE1C019  	MOVFF       25, FSR1L
0x0078	0xFFE2C01A  	MOVFF       26, FSR1H
0x007C	0x0011      	RETFIE      1
; end of _Interrupt
_Delay_1us:
;__Lib_Delays.c,7 :: 		void Delay_1us() {
;__Lib_Delays.c,8 :: 		Delay_us(1);
0x007E	0x0000      	NOP
0x0080	0x0000      	NOP
0x0082	0x0000      	NOP
0x0084	0x0000      	NOP
0x0086	0x0000      	NOP
;__Lib_Delays.c,9 :: 		}
L_end_Delay_1us:
0x0088	0x0012      	RETURN      0
; end of _Delay_1us
_Delay_5500us:
;__Lib_Delays.c,31 :: 		void Delay_5500us() {
;__Lib_Delays.c,32 :: 		Delay_us(5500);
0x008A	0x0E24      	MOVLW       36
0x008C	0x6E0C      	MOVWF       R12, 0
0x008E	0x0EB5      	MOVLW       181
0x0090	0x6E0D      	MOVWF       R13, 0
L_Delay_5500us5:
0x0092	0x2E0D      	DECFSZ      R13, 1, 0
0x0094	0xD7FE      	BRA         L_Delay_5500us5
0x0096	0x2E0C      	DECFSZ      R12, 1, 0
0x0098	0xD7FC      	BRA         L_Delay_5500us5
0x009A	0x0000      	NOP
0x009C	0x0000      	NOP
;__Lib_Delays.c,33 :: 		}
L_end_Delay_5500us:
0x009E	0x0012      	RETURN      0
; end of _Delay_5500us
_Delay_50us:
;__Lib_Delays.c,19 :: 		void Delay_50us() {
;__Lib_Delays.c,20 :: 		Delay_us(50);
0x00A0	0x0E53      	MOVLW       83
0x00A2	0x6E0D      	MOVWF       R13, 0
L_Delay_50us2:
0x00A4	0x2E0D      	DECFSZ      R13, 1, 0
0x00A6	0xD7FE      	BRA         L_Delay_50us2
;__Lib_Delays.c,21 :: 		}
L_end_Delay_50us:
0x00A8	0x0012      	RETURN      0
; end of _Delay_50us
_Lcd_Cmd:
;__Lib_Lcd.c,18 :: 		
;__Lib_Lcd.c,20 :: 		
0x00AA	0xBE5E      	BTFSC       FARG_Lcd_Cmd_out_char, 7 
0x00AC	0xD002      	BRA         L__Lcd_Cmd21
0x00AE	0x9E83      	BCF         LCD_D7, BitPos(LCD_D7+0) 
0x00B0	0xD001      	BRA         L__Lcd_Cmd22
L__Lcd_Cmd21:
0x00B2	0x8E83      	BSF         LCD_D7, BitPos(LCD_D7+0) 
L__Lcd_Cmd22:
;__Lib_Lcd.c,21 :: 		
0x00B4	0xBC5E      	BTFSC       FARG_Lcd_Cmd_out_char, 6 
0x00B6	0xD002      	BRA         L__Lcd_Cmd23
0x00B8	0x9C83      	BCF         LCD_D6, BitPos(LCD_D6+0) 
0x00BA	0xD001      	BRA         L__Lcd_Cmd24
L__Lcd_Cmd23:
0x00BC	0x8C83      	BSF         LCD_D6, BitPos(LCD_D6+0) 
L__Lcd_Cmd24:
;__Lib_Lcd.c,22 :: 		
0x00BE	0xBA5E      	BTFSC       FARG_Lcd_Cmd_out_char, 5 
0x00C0	0xD002      	BRA         L__Lcd_Cmd25
0x00C2	0x9A83      	BCF         LCD_D5, BitPos(LCD_D5+0) 
0x00C4	0xD001      	BRA         L__Lcd_Cmd26
L__Lcd_Cmd25:
0x00C6	0x8A83      	BSF         LCD_D5, BitPos(LCD_D5+0) 
L__Lcd_Cmd26:
;__Lib_Lcd.c,23 :: 		
0x00C8	0xB85E      	BTFSC       FARG_Lcd_Cmd_out_char, 4 
0x00CA	0xD002      	BRA         L__Lcd_Cmd27
0x00CC	0x9883      	BCF         LCD_D4, BitPos(LCD_D4+0) 
0x00CE	0xD001      	BRA         L__Lcd_Cmd28
L__Lcd_Cmd27:
0x00D0	0x8883      	BSF         LCD_D4, BitPos(LCD_D4+0) 
L__Lcd_Cmd28:
;__Lib_Lcd.c,25 :: 		
0x00D2	0xB049      	BTFSC       __Lib_Lcd_cmd_status, BitPos(__Lib_Lcd_cmd_status+0) 
0x00D4	0xD002      	BRA         L__Lcd_Cmd29
0x00D6	0x8083      	BSF         LCD_RS, BitPos(LCD_RS+0) 
0x00D8	0xD001      	BRA         L__Lcd_Cmd30
L__Lcd_Cmd29:
0x00DA	0x9083      	BCF         LCD_RS, BitPos(LCD_RS+0) 
L__Lcd_Cmd30:
;__Lib_Lcd.c,28 :: 		
0x00DC	0x8283      	BSF         LCD_EN, BitPos(LCD_EN+0) 
;__Lib_Lcd.c,29 :: 		
0x00DE	0xDFCF      	RCALL       _Delay_1us
;__Lib_Lcd.c,30 :: 		
0x00E0	0x9283      	BCF         LCD_EN, BitPos(LCD_EN+0) 
;__Lib_Lcd.c,33 :: 		
0x00E2	0xB65E      	BTFSC       FARG_Lcd_Cmd_out_char, 3 
0x00E4	0xD002      	BRA         L__Lcd_Cmd31
0x00E6	0x9E83      	BCF         LCD_D7, BitPos(LCD_D7+0) 
0x00E8	0xD001      	BRA         L__Lcd_Cmd32
L__Lcd_Cmd31:
0x00EA	0x8E83      	BSF         LCD_D7, BitPos(LCD_D7+0) 
L__Lcd_Cmd32:
;__Lib_Lcd.c,34 :: 		
0x00EC	0xB45E      	BTFSC       FARG_Lcd_Cmd_out_char, 2 
0x00EE	0xD002      	BRA         L__Lcd_Cmd33
0x00F0	0x9C83      	BCF         LCD_D6, BitPos(LCD_D6+0) 
0x00F2	0xD001      	BRA         L__Lcd_Cmd34
L__Lcd_Cmd33:
0x00F4	0x8C83      	BSF         LCD_D6, BitPos(LCD_D6+0) 
L__Lcd_Cmd34:
;__Lib_Lcd.c,35 :: 		
0x00F6	0xB25E      	BTFSC       FARG_Lcd_Cmd_out_char, 1 
0x00F8	0xD002      	BRA         L__Lcd_Cmd35
0x00FA	0x9A83      	BCF         LCD_D5, BitPos(LCD_D5+0) 
0x00FC	0xD001      	BRA         L__Lcd_Cmd36
L__Lcd_Cmd35:
0x00FE	0x8A83      	BSF         LCD_D5, BitPos(LCD_D5+0) 
L__Lcd_Cmd36:
;__Lib_Lcd.c,36 :: 		
0x0100	0xB05E      	BTFSC       FARG_Lcd_Cmd_out_char, 0 
0x0102	0xD002      	BRA         L__Lcd_Cmd37
0x0104	0x9883      	BCF         LCD_D4, BitPos(LCD_D4+0) 
0x0106	0xD001      	BRA         L__Lcd_Cmd38
L__Lcd_Cmd37:
0x0108	0x8883      	BSF         LCD_D4, BitPos(LCD_D4+0) 
L__Lcd_Cmd38:
;__Lib_Lcd.c,38 :: 		
0x010A	0xB049      	BTFSC       __Lib_Lcd_cmd_status, BitPos(__Lib_Lcd_cmd_status+0) 
0x010C	0xD002      	BRA         L__Lcd_Cmd39
0x010E	0x8083      	BSF         LCD_RS, BitPos(LCD_RS+0) 
0x0110	0xD001      	BRA         L__Lcd_Cmd40
L__Lcd_Cmd39:
0x0112	0x9083      	BCF         LCD_RS, BitPos(LCD_RS+0) 
L__Lcd_Cmd40:
;__Lib_Lcd.c,40 :: 		
0x0114	0x8283      	BSF         LCD_EN, BitPos(LCD_EN+0) 
;__Lib_Lcd.c,41 :: 		
0x0116	0xDFB3      	RCALL       _Delay_1us
;__Lib_Lcd.c,42 :: 		
0x0118	0x9283      	BCF         LCD_EN, BitPos(LCD_EN+0) 
;__Lib_Lcd.c,44 :: 		
0x011A	0xA049      	BTFSS       __Lib_Lcd_cmd_status, BitPos(__Lib_Lcd_cmd_status+0) 
0x011C	0xD002      	BRA         L_Lcd_Cmd0
;__Lib_Lcd.c,45 :: 		
0x011E	0xDFB5      	RCALL       _Delay_5500us
0x0120	0xD001      	BRA         L_Lcd_Cmd1
L_Lcd_Cmd0:
;__Lib_Lcd.c,47 :: 		
0x0122	0xDFBE      	RCALL       _Delay_50us
L_Lcd_Cmd1:
;__Lib_Lcd.c,48 :: 		
L_end_Lcd_Cmd:
0x0124	0x0012      	RETURN      0
; end of _Lcd_Cmd
_Lcd_Chr_CP:
;__Lib_Lcd.c,50 :: 		
;__Lib_Lcd.c,52 :: 		
0x0126	0x9049      	BCF         __Lib_Lcd_cmd_status, BitPos(__Lib_Lcd_cmd_status+0) 
;__Lib_Lcd.c,53 :: 		
0x0128	0xF05EC05D  	MOVFF       FARG_Lcd_Chr_CP_out_char, FARG_Lcd_Cmd_out_char
0x012C	0xDFBE      	RCALL       _Lcd_Cmd
;__Lib_Lcd.c,54 :: 		
0x012E	0x8049      	BSF         __Lib_Lcd_cmd_status, BitPos(__Lib_Lcd_cmd_status+0) 
;__Lib_Lcd.c,55 :: 		
L_end_Lcd_Chr_CP:
0x0130	0x0012      	RETURN      0
; end of _Lcd_Chr_CP
___CC2DW:
;__Lib_System.c,21 :: 		
;__Lib_System.c,23 :: 		
_CC2DL_Loop1:
;__Lib_System.c,24 :: 		
0x0132	0x0009      	TBLRD*+
;__Lib_System.c,25 :: 		
0x0134	0xFFE6CFF5  	MOVFF       TABLAT, POSTINC1
;__Lib_System.c,26 :: 		
0x0138	0x0600      	DECF        R0, 1, 0
;__Lib_System.c,27 :: 		
0x013A	0xE1FB      	BNZ         _CC2DL_Loop1
;__Lib_System.c,28 :: 		
0x013C	0x0601      	DECF        R1, 1, 0
;__Lib_System.c,29 :: 		
0x013E	0xE1F9      	BNZ         _CC2DL_Loop1
;__Lib_System.c,31 :: 		
L_end___CC2DW:
0x0140	0x0012      	RETURN      0
; end of ___CC2DW
_UART1_Read:
;__Lib_UART_c67.c,39 :: 		
;__Lib_UART_c67.c,42 :: 		
0x0142	0xF001CFAE  	MOVFF       RCREG, R1
;__Lib_UART_c67.c,43 :: 		
0x0146	0xA2AB      	BTFSS       RCSTA, 1 
0x0148	0xD002      	BRA         L_UART1_Read2
;__Lib_UART_c67.c,44 :: 		
0x014A	0x98AB      	BCF         RCSTA, 4 
;__Lib_UART_c67.c,45 :: 		
0x014C	0x88AB      	BSF         RCSTA, 4 
;__Lib_UART_c67.c,46 :: 		
L_UART1_Read2:
;__Lib_UART_c67.c,47 :: 		
0x014E	0xF000C001  	MOVFF       R1, R0
;__Lib_UART_c67.c,48 :: 		
L_end_UART1_Read:
0x0152	0x0012      	RETURN      0
; end of _UART1_Read
_UART1_Init:
;__Lib_UART_c67.c,15 :: 		
;__Lib_UART_c67.c,18 :: 		
0x0154	0x0EFF      	MOVLW       _UART1_Write
0x0156	0x6E45      	MOVWF       _UART_Wr_Ptr 
0x0158	0x0EFF      	MOVLW       hi_addr(_UART1_Write)
0x015A	0x6E46      	MOVWF       _UART_Wr_Ptr+1 
0x015C	0x0EFF      	MOVLW       FARG_UART1_Write_data_
0x015E	0x6E47      	MOVWF       _UART_Wr_Ptr+2 
0x0160	0x0EFF      	MOVLW       hi_addr(FARG_UART1_Write_data_)
0x0162	0x6E48      	MOVWF       _UART_Wr_Ptr+3 
;__Lib_UART_c67.c,19 :: 		
0x0164	0x0E42      	MOVLW       _UART1_Read
0x0166	0x6E4A      	MOVWF       _UART_Rd_Ptr 
0x0168	0x0E01      	MOVLW       hi_addr(_UART1_Read)
0x016A	0x6E4B      	MOVWF       _UART_Rd_Ptr+1 
0x016C	0x0E00      	MOVLW       0
0x016E	0x6E4C      	MOVWF       _UART_Rd_Ptr+2 
0x0170	0x0E00      	MOVLW       0
0x0172	0x6E4D      	MOVWF       _UART_Rd_Ptr+3 
;__Lib_UART_c67.c,20 :: 		
0x0174	0x0EFF      	MOVLW       _UART1_Data_Ready
0x0176	0x6E52      	MOVWF       _UART_Rdy_Ptr 
0x0178	0x0EFF      	MOVLW       hi_addr(_UART1_Data_Ready)
0x017A	0x6E53      	MOVWF       _UART_Rdy_Ptr+1 
0x017C	0x0E00      	MOVLW       0
0x017E	0x6E54      	MOVWF       _UART_Rdy_Ptr+2 
0x0180	0x0E00      	MOVLW       0
0x0182	0x6E55      	MOVWF       _UART_Rdy_Ptr+3 
;__Lib_UART_c67.c,21 :: 		
0x0184	0x0EFF      	MOVLW       _UART1_Tx_Idle
0x0186	0x6E4E      	MOVWF       _UART_Tx_Idle_Ptr 
0x0188	0x0EFF      	MOVLW       hi_addr(_UART1_Tx_Idle)
0x018A	0x6E4F      	MOVWF       _UART_Tx_Idle_Ptr+1 
0x018C	0x0E00      	MOVLW       0
0x018E	0x6E50      	MOVWF       _UART_Tx_Idle_Ptr+2 
0x0190	0x0E00      	MOVLW       0
0x0192	0x6E51      	MOVWF       _UART_Tx_Idle_Ptr+3 
;__Lib_UART_c67.c,23 :: 		
0x0194	0x8AAC      	BSF         TXSTA, 5 
;__Lib_UART_c67.c,24 :: 		
0x0196	0x0E90      	MOVLW       144
0x0198	0x6EAB      	MOVWF       RCSTA 
;__Lib_UART_c67.c,25 :: 		
0x019A	0x8E94      	BSF         TRISC7_bit, BitPos(TRISC7_bit+0) 
;__Lib_UART_c67.c,26 :: 		
0x019C	0x9C94      	BCF         TRISC6_bit, BitPos(TRISC6_bit+0) 
;__Lib_UART_c67.c,28 :: 		
L_UART1_Init0:
0x019E	0xAA9E      	BTFSS       PIR1, 5 
0x01A0	0xD003      	BRA         L_UART1_Init1
;__Lib_UART_c67.c,29 :: 		
0x01A2	0xF000CFAE  	MOVFF       RCREG, R0
0x01A6	0xD7FB      	BRA         L_UART1_Init0
L_UART1_Init1:
;__Lib_UART_c67.c,30 :: 		
L_end_UART1_Init:
0x01A8	0x0012      	RETURN      0
; end of _UART1_Init
_Lcd_Out:
;__Lib_Lcd.c,184 :: 		
;__Lib_Lcd.c,187 :: 		
0x01AA	0xD00F      	BRA         L_Lcd_Out11
;__Lib_Lcd.c,188 :: 		
L_Lcd_Out13:
0x01AC	0x0E80      	MOVLW       128
0x01AE	0x6E58      	MOVWF       FARG_Lcd_Out_row 
0x01B0	0xD019      	BRA         L_Lcd_Out12
;__Lib_Lcd.c,189 :: 		
L_Lcd_Out14:
0x01B2	0x0EC0      	MOVLW       192
0x01B4	0x6E58      	MOVWF       FARG_Lcd_Out_row 
0x01B6	0xD016      	BRA         L_Lcd_Out12
;__Lib_Lcd.c,190 :: 		
L_Lcd_Out15:
0x01B8	0x0E94      	MOVLW       148
0x01BA	0x6E58      	MOVWF       FARG_Lcd_Out_row 
0x01BC	0xD013      	BRA         L_Lcd_Out12
;__Lib_Lcd.c,191 :: 		
L_Lcd_Out16:
0x01BE	0x0ED4      	MOVLW       212
0x01C0	0x6E58      	MOVWF       FARG_Lcd_Out_row 
0x01C2	0xD010      	BRA         L_Lcd_Out12
;__Lib_Lcd.c,192 :: 		
L_Lcd_Out17:
0x01C4	0x0E80      	MOVLW       128
0x01C6	0x6E58      	MOVWF       FARG_Lcd_Out_row 
;__Lib_Lcd.c,193 :: 		
0x01C8	0xD00D      	BRA         L_Lcd_Out12
L_Lcd_Out11:
0x01CA	0x5058      	MOVF        FARG_Lcd_Out_row, 0 
0x01CC	0x0A01      	XORLW       1
0x01CE	0xE0EE      	BZ          L_Lcd_Out13
0x01D0	0x5058      	MOVF        FARG_Lcd_Out_row, 0 
0x01D2	0x0A02      	XORLW       2
0x01D4	0xE0EE      	BZ          L_Lcd_Out14
0x01D6	0x5058      	MOVF        FARG_Lcd_Out_row, 0 
0x01D8	0x0A03      	XORLW       3
0x01DA	0xE0EE      	BZ          L_Lcd_Out15
0x01DC	0x5058      	MOVF        FARG_Lcd_Out_row, 0 
0x01DE	0x0A04      	XORLW       4
0x01E0	0xE0EE      	BZ          L_Lcd_Out16
0x01E2	0xD7F0      	BRA         L_Lcd_Out17
L_Lcd_Out12:
;__Lib_Lcd.c,194 :: 		
0x01E4	0x0459      	DECF        FARG_Lcd_Out_column, 0 
0x01E6	0x6E00      	MOVWF       R0 
0x01E8	0x5058      	MOVF        FARG_Lcd_Out_row, 0 
0x01EA	0x2600      	ADDWF       R0, 1 
0x01EC	0xF058C000  	MOVFF       R0, FARG_Lcd_Out_row
;__Lib_Lcd.c,196 :: 		
0x01F0	0xF05EC000  	MOVFF       R0, FARG_Lcd_Cmd_out_char
0x01F4	0xDF5A      	RCALL       _Lcd_Cmd
;__Lib_Lcd.c,197 :: 		
0x01F6	0x9049      	BCF         __Lib_Lcd_cmd_status, BitPos(__Lib_Lcd_cmd_status+0) 
;__Lib_Lcd.c,198 :: 		
0x01F8	0x6A5C      	CLRF        Lcd_Out_i_L0 
;__Lib_Lcd.c,199 :: 		
L_Lcd_Out18:
0x01FA	0x505C      	MOVF        Lcd_Out_i_L0, 0 
0x01FC	0x245A      	ADDWF       FARG_Lcd_Out_text, 0 
0x01FE	0x6EE9      	MOVWF       FSR0L 
0x0200	0x0E00      	MOVLW       0
0x0202	0x205B      	ADDWFC      FARG_Lcd_Out_text+1, 0 
0x0204	0x6EEA      	MOVWF       FSR0L+1 
0x0206	0x52EE      	MOVF        POSTINC0, 1 
0x0208	0xE00B      	BZ          L_Lcd_Out19
;__Lib_Lcd.c,200 :: 		
0x020A	0x505C      	MOVF        Lcd_Out_i_L0, 0 
0x020C	0x245A      	ADDWF       FARG_Lcd_Out_text, 0 
0x020E	0x6EE9      	MOVWF       FSR0L 
0x0210	0x0E00      	MOVLW       0
0x0212	0x205B      	ADDWFC      FARG_Lcd_Out_text+1, 0 
0x0214	0x6EEA      	MOVWF       FSR0L+1 
0x0216	0xF05DCFEE  	MOVFF       POSTINC0, FARG_Lcd_Chr_CP_out_char
0x021A	0xDF85      	RCALL       _Lcd_Chr_CP
0x021C	0x2A5C      	INCF        Lcd_Out_i_L0, 1 
0x021E	0xD7ED      	BRA         L_Lcd_Out18
L_Lcd_Out19:
;__Lib_Lcd.c,201 :: 		
0x0220	0x8049      	BSF         __Lib_Lcd_cmd_status, BitPos(__Lib_Lcd_cmd_status+0) 
;__Lib_Lcd.c,202 :: 		
L_end_Lcd_Out:
0x0222	0x0012      	RETURN      0
; end of _Lcd_Out
_Lcd_Init:
;__Lib_Lcd.c,84 :: 		
;__Lib_Lcd.c,86 :: 		
0x0224	0x9295      	BCF         LCD_EN_Direction, BitPos(LCD_EN_Direction+0) 
;__Lib_Lcd.c,87 :: 		
0x0226	0x9095      	BCF         LCD_RS_Direction, BitPos(LCD_RS_Direction+0) 
;__Lib_Lcd.c,88 :: 		
0x0228	0x9895      	BCF         LCD_D4_Direction, BitPos(LCD_D4_Direction+0) 
;__Lib_Lcd.c,89 :: 		
0x022A	0x9A95      	BCF         LCD_D5_Direction, BitPos(LCD_D5_Direction+0) 
;__Lib_Lcd.c,90 :: 		
0x022C	0x9C95      	BCF         LCD_D6_Direction, BitPos(LCD_D6_Direction+0) 
;__Lib_Lcd.c,91 :: 		
0x022E	0x9E95      	BCF         LCD_D7_Direction, BitPos(LCD_D7_Direction+0) 
;__Lib_Lcd.c,93 :: 		
0x0230	0x9283      	BCF         LCD_EN, BitPos(LCD_EN+0) 
;__Lib_Lcd.c,94 :: 		
0x0232	0x9083      	BCF         LCD_RS, BitPos(LCD_RS+0) 
;__Lib_Lcd.c,95 :: 		
0x0234	0x9E83      	BCF         LCD_D7, BitPos(LCD_D7+0) 
;__Lib_Lcd.c,96 :: 		
0x0236	0x9C83      	BCF         LCD_D6, BitPos(LCD_D6+0) 
;__Lib_Lcd.c,97 :: 		
0x0238	0x9A83      	BCF         LCD_D5, BitPos(LCD_D5+0) 
;__Lib_Lcd.c,98 :: 		
0x023A	0x9883      	BCF         LCD_D4, BitPos(LCD_D4+0) 
;__Lib_Lcd.c,100 :: 		
0x023C	0xDF26      	RCALL       _Delay_5500us
;__Lib_Lcd.c,101 :: 		
0x023E	0xDF25      	RCALL       _Delay_5500us
;__Lib_Lcd.c,102 :: 		
0x0240	0xDF24      	RCALL       _Delay_5500us
;__Lib_Lcd.c,105 :: 		
0x0242	0x8A83      	BSF         LCD_D5, BitPos(LCD_D5+0) 
;__Lib_Lcd.c,106 :: 		
0x0244	0x8883      	BSF         LCD_D4, BitPos(LCD_D4+0) 
;__Lib_Lcd.c,107 :: 		
0x0246	0x8283      	BSF         LCD_EN, BitPos(LCD_EN+0) 
;__Lib_Lcd.c,108 :: 		
0x0248	0xDF1A      	RCALL       _Delay_1us
;__Lib_Lcd.c,109 :: 		
0x024A	0x9283      	BCF         LCD_EN, BitPos(LCD_EN+0) 
;__Lib_Lcd.c,110 :: 		
0x024C	0xDF1E      	RCALL       _Delay_5500us
;__Lib_Lcd.c,112 :: 		
0x024E	0x8283      	BSF         LCD_EN, BitPos(LCD_EN+0) 
;__Lib_Lcd.c,113 :: 		
0x0250	0xDF16      	RCALL       _Delay_1us
;__Lib_Lcd.c,114 :: 		
0x0252	0x9283      	BCF         LCD_EN, BitPos(LCD_EN+0) 
;__Lib_Lcd.c,115 :: 		
0x0254	0xDF1A      	RCALL       _Delay_5500us
;__Lib_Lcd.c,117 :: 		
0x0256	0x8283      	BSF         LCD_EN, BitPos(LCD_EN+0) 
;__Lib_Lcd.c,118 :: 		
0x0258	0xDF12      	RCALL       _Delay_1us
;__Lib_Lcd.c,119 :: 		
0x025A	0x9283      	BCF         LCD_EN, BitPos(LCD_EN+0) 
;__Lib_Lcd.c,120 :: 		
0x025C	0xDF16      	RCALL       _Delay_5500us
;__Lib_Lcd.c,123 :: 		
0x025E	0x9883      	BCF         LCD_D4, BitPos(LCD_D4+0) 
;__Lib_Lcd.c,124 :: 		
0x0260	0x8283      	BSF         LCD_EN, BitPos(LCD_EN+0) 
;__Lib_Lcd.c,125 :: 		
0x0262	0xDF0D      	RCALL       _Delay_1us
;__Lib_Lcd.c,126 :: 		
0x0264	0x9283      	BCF         LCD_EN, BitPos(LCD_EN+0) 
;__Lib_Lcd.c,127 :: 		
0x0266	0xDF11      	RCALL       _Delay_5500us
;__Lib_Lcd.c,130 :: 		
0x0268	0x8283      	BSF         LCD_EN, BitPos(LCD_EN+0) 
;__Lib_Lcd.c,131 :: 		
0x026A	0xDF09      	RCALL       _Delay_1us
;__Lib_Lcd.c,132 :: 		
0x026C	0x9283      	BCF         LCD_EN, BitPos(LCD_EN+0) 
;__Lib_Lcd.c,134 :: 		
0x026E	0x9A83      	BCF         LCD_D5, BitPos(LCD_D5+0) 
;__Lib_Lcd.c,135 :: 		
0x0270	0x8E83      	BSF         LCD_D7, BitPos(LCD_D7+0) 
;__Lib_Lcd.c,136 :: 		
0x0272	0x8283      	BSF         LCD_EN, BitPos(LCD_EN+0) 
;__Lib_Lcd.c,137 :: 		
0x0274	0xDF04      	RCALL       _Delay_1us
;__Lib_Lcd.c,138 :: 		
0x0276	0x9283      	BCF         LCD_EN, BitPos(LCD_EN+0) 
;__Lib_Lcd.c,139 :: 		
0x0278	0xDF08      	RCALL       _Delay_5500us
;__Lib_Lcd.c,142 :: 		
0x027A	0x9E83      	BCF         LCD_D7, BitPos(LCD_D7+0) 
;__Lib_Lcd.c,143 :: 		
0x027C	0x8883      	BSF         LCD_D4, BitPos(LCD_D4+0) 
;__Lib_Lcd.c,144 :: 		
0x027E	0x8283      	BSF         LCD_EN, BitPos(LCD_EN+0) 
;__Lib_Lcd.c,145 :: 		
0x0280	0xDEFE      	RCALL       _Delay_1us
;__Lib_Lcd.c,146 :: 		
0x0282	0x9283      	BCF         LCD_EN, BitPos(LCD_EN+0) 
;__Lib_Lcd.c,148 :: 		
0x0284	0x9883      	BCF         LCD_D4, BitPos(LCD_D4+0) 
;__Lib_Lcd.c,149 :: 		
0x0286	0x8283      	BSF         LCD_EN, BitPos(LCD_EN+0) 
;__Lib_Lcd.c,150 :: 		
0x0288	0xDEFA      	RCALL       _Delay_1us
;__Lib_Lcd.c,151 :: 		
0x028A	0x9283      	BCF         LCD_EN, BitPos(LCD_EN+0) 
;__Lib_Lcd.c,152 :: 		
0x028C	0xDEFE      	RCALL       _Delay_5500us
;__Lib_Lcd.c,155 :: 		
0x028E	0x8283      	BSF         LCD_EN, BitPos(LCD_EN+0) 
;__Lib_Lcd.c,156 :: 		
0x0290	0xDEF6      	RCALL       _Delay_1us
;__Lib_Lcd.c,157 :: 		
0x0292	0x9283      	BCF         LCD_EN, BitPos(LCD_EN+0) 
;__Lib_Lcd.c,159 :: 		
0x0294	0x8883      	BSF         LCD_D4, BitPos(LCD_D4+0) 
;__Lib_Lcd.c,160 :: 		
0x0296	0x8283      	BSF         LCD_EN, BitPos(LCD_EN+0) 
;__Lib_Lcd.c,161 :: 		
0x0298	0xDEF2      	RCALL       _Delay_1us
;__Lib_Lcd.c,162 :: 		
0x029A	0x9283      	BCF         LCD_EN, BitPos(LCD_EN+0) 
;__Lib_Lcd.c,163 :: 		
0x029C	0xDEF6      	RCALL       _Delay_5500us
;__Lib_Lcd.c,166 :: 		
0x029E	0x9883      	BCF         LCD_D4, BitPos(LCD_D4+0) 
;__Lib_Lcd.c,167 :: 		
0x02A0	0x8283      	BSF         LCD_EN, BitPos(LCD_EN+0) 
;__Lib_Lcd.c,168 :: 		
0x02A2	0xDEED      	RCALL       _Delay_1us
;__Lib_Lcd.c,169 :: 		
0x02A4	0x9283      	BCF         LCD_EN, BitPos(LCD_EN+0) 
;__Lib_Lcd.c,171 :: 		
0x02A6	0x8E83      	BSF         LCD_D7, BitPos(LCD_D7+0) 
;__Lib_Lcd.c,172 :: 		
0x02A8	0x8C83      	BSF         LCD_D6, BitPos(LCD_D6+0) 
;__Lib_Lcd.c,173 :: 		
0x02AA	0x8A83      	BSF         LCD_D5, BitPos(LCD_D5+0) 
;__Lib_Lcd.c,174 :: 		
0x02AC	0x8883      	BSF         LCD_D4, BitPos(LCD_D4+0) 
;__Lib_Lcd.c,175 :: 		
0x02AE	0x8283      	BSF         LCD_EN, BitPos(LCD_EN+0) 
;__Lib_Lcd.c,176 :: 		
0x02B0	0xDEE6      	RCALL       _Delay_1us
;__Lib_Lcd.c,177 :: 		
0x02B2	0x9283      	BCF         LCD_EN, BitPos(LCD_EN+0) 
;__Lib_Lcd.c,179 :: 		
0x02B4	0xDEEA      	RCALL       _Delay_5500us
;__Lib_Lcd.c,181 :: 		
0x02B6	0x8049      	BSF         __Lib_Lcd_cmd_status, BitPos(__Lib_Lcd_cmd_status+0) 
;__Lib_Lcd.c,182 :: 		
L_end_Lcd_Init:
0x02B8	0x0012      	RETURN      0
; end of _Lcd_Init
_main:
0x02BA	0xF001ECDA  	CALL        948, 0
;tramasDatos.c,27 :: 		void main() {
;tramasDatos.c,28 :: 		ADCON1 = 15;
0x02BE	0x0E0F      	MOVLW       15
0x02C0	0x6EC1      	MOVWF       ADCON1 
;tramasDatos.c,29 :: 		TRISA0_bit = 0;
0x02C2	0x9092      	BCF         TRISA0_bit, BitPos(TRISA0_bit+0) 
;tramasDatos.c,30 :: 		PORTA.RA0 =0;
0x02C4	0x9080      	BCF         PORTA, 0 
;tramasDatos.c,32 :: 		RCIF_bit = 0;
0x02C6	0x9A9E      	BCF         RCIF_bit, BitPos(RCIF_bit+0) 
;tramasDatos.c,33 :: 		GIE_bit  = 1;
0x02C8	0x8EF2      	BSF         GIE_bit, BitPos(GIE_bit+0) 
;tramasDatos.c,34 :: 		PEIE_bit = 1;
0x02CA	0x8CF2      	BSF         PEIE_bit, BitPos(PEIE_bit+0) 
;tramasDatos.c,35 :: 		RCIE_bit = 1;
0x02CC	0x8A9D      	BSF         RCIE_bit, BitPos(RCIE_bit+0) 
;tramasDatos.c,37 :: 		UART1_Init(9600);
0x02CE	0x86B8      	BSF         BAUDCON, 3, 0
0x02D0	0x0E02      	MOVLW       2
0x02D2	0x6EB0      	MOVWF       SPBRGH 
0x02D4	0x0E08      	MOVLW       8
0x02D6	0x6EAF      	MOVWF       SPBRG 
0x02D8	0x84AC      	BSF         TXSTA, 2, 0
0x02DA	0xDF3C      	RCALL       _UART1_Init
;tramasDatos.c,38 :: 		Lcd_Init();
0x02DC	0xDFA3      	RCALL       _Lcd_Init
;tramasDatos.c,39 :: 		Lcd_Cmd(12);
0x02DE	0x0E0C      	MOVLW       12
0x02E0	0x6E5E      	MOVWF       FARG_Lcd_Cmd_out_char 
0x02E2	0xDEE3      	RCALL       _Lcd_Cmd
;tramasDatos.c,43 :: 		while(1){
L_main3:
;tramasDatos.c,44 :: 		Lcd_Out(2,1,strLCD);
0x02E4	0x0E02      	MOVLW       2
0x02E6	0x6E58      	MOVWF       FARG_Lcd_Out_row 
0x02E8	0x0E01      	MOVLW       1
0x02EA	0x6E59      	MOVWF       FARG_Lcd_Out_column 
0x02EC	0x0E30      	MOVLW       _strLCD
0x02EE	0x6E5A      	MOVWF       FARG_Lcd_Out_text 
0x02F0	0x0E00      	MOVLW       hi_addr(_strLCD)
0x02F2	0x6E5B      	MOVWF       FARG_Lcd_Out_text+1 
0x02F4	0xDF5A      	RCALL       _Lcd_Out
;tramasDatos.c,45 :: 		if(banderaRx==1){
0x02F6	0x502F      	MOVF        _banderaRx, 0 
0x02F8	0x0A01      	XORLW       1
0x02FA	0xE12F      	BNZ         L_main5
;tramasDatos.c,47 :: 		if(trama[0]=='L' && trama[1] == '1' && trama[2] == 'O' && trama[3] == 'N'){
0x02FC	0x501B      	MOVF        _trama, 0 
0x02FE	0x0A4C      	XORLW       76
0x0300	0xE10A      	BNZ         L_main8
0x0302	0x501C      	MOVF        _trama+1, 0 
0x0304	0x0A31      	XORLW       49
0x0306	0xE107      	BNZ         L_main8
0x0308	0x501D      	MOVF        _trama+2, 0 
0x030A	0x0A4F      	XORLW       79
0x030C	0xE104      	BNZ         L_main8
0x030E	0x501E      	MOVF        _trama+3, 0 
0x0310	0x0A4E      	XORLW       78
0x0312	0xB4D8      	BTFSC       STATUS, 2 
L__main19:
;tramasDatos.c,48 :: 		PORTA.RA0 = 1;
0x0314	0x8080      	BSF         PORTA, 0 
;tramasDatos.c,49 :: 		}
L_main8:
;tramasDatos.c,50 :: 		if(trama[0]=='L' && trama[1] == '1' && trama[2] == 'O' && trama[3] == 'F' && trama[4] == 'F'){
0x0316	0x501B      	MOVF        _trama, 0 
0x0318	0x0A4C      	XORLW       76
0x031A	0xE10D      	BNZ         L_main11
0x031C	0x501C      	MOVF        _trama+1, 0 
0x031E	0x0A31      	XORLW       49
0x0320	0xE10A      	BNZ         L_main11
0x0322	0x501D      	MOVF        _trama+2, 0 
0x0324	0x0A4F      	XORLW       79
0x0326	0xE107      	BNZ         L_main11
0x0328	0x501E      	MOVF        _trama+3, 0 
0x032A	0x0A46      	XORLW       70
0x032C	0xE104      	BNZ         L_main11
0x032E	0x501F      	MOVF        _trama+4, 0 
0x0330	0x0A46      	XORLW       70
0x0332	0xB4D8      	BTFSC       STATUS, 2 
L__main18:
;tramasDatos.c,51 :: 		PORTA.RA0 = 0;
0x0334	0x9080      	BCF         PORTA, 0 
;tramasDatos.c,52 :: 		}
L_main11:
;tramasDatos.c,53 :: 		for(i=0; i<=19; i++){
0x0336	0x6A57      	CLRF        _i 
L_main12:
0x0338	0x5057      	MOVF        _i, 0 
0x033A	0x0813      	SUBLW       19
0x033C	0xE30C      	BNC         L_main13
;tramasDatos.c,54 :: 		trama[i]=' ';
0x033E	0x0E1B      	MOVLW       _trama
0x0340	0x6EE1      	MOVWF       FSR1L 
0x0342	0x0E00      	MOVLW       hi_addr(_trama)
0x0344	0x6EE2      	MOVWF       FSR1L+1 
0x0346	0x5057      	MOVF        _i, 0 
0x0348	0x26E1      	ADDWF       FSR1L, 1 
0x034A	0xB0D8      	BTFSC       STATUS, 0 
0x034C	0x2AE2      	INCF        FSR1L+1, 1 
0x034E	0x0E20      	MOVLW       32
0x0350	0x6EE6      	MOVWF       POSTINC1 
;tramasDatos.c,53 :: 		for(i=0; i<=19; i++){
0x0352	0x2A57      	INCF        _i, 1 
;tramasDatos.c,55 :: 		}
0x0354	0xD7F1      	BRA         L_main12
L_main13:
;tramasDatos.c,57 :: 		indice=0;
0x0356	0x6A44      	CLRF        _indice 
;tramasDatos.c,58 :: 		banderaRx=0;
0x0358	0x6A2F      	CLRF        _banderaRx 
;tramasDatos.c,59 :: 		}
L_main5:
;tramasDatos.c,60 :: 		if(letra == '1')
0x035A	0x5056      	MOVF        _letra, 0 
0x035C	0x0A31      	XORLW       49
0x035E	0xB4D8      	BTFSC       STATUS, 2 
;tramasDatos.c,61 :: 		PORTA.RA0 = 1;
0x0360	0x8080      	BSF         PORTA, 0 
L_main15:
;tramasDatos.c,62 :: 		if(letra == '0')
0x0362	0x5056      	MOVF        _letra, 0 
0x0364	0x0A30      	XORLW       48
0x0366	0xB4D8      	BTFSC       STATUS, 2 
;tramasDatos.c,63 :: 		PORTA.RA0 = 0;
0x0368	0x9080      	BCF         PORTA, 0 
L_main16:
;tramasDatos.c,65 :: 		delay_ms(100);
0x036A	0x0E03      	MOVLW       3
0x036C	0x6E0B      	MOVWF       R11, 0
0x036E	0x0E8A      	MOVLW       138
0x0370	0x6E0C      	MOVWF       R12, 0
0x0372	0x0E55      	MOVLW       85
0x0374	0x6E0D      	MOVWF       R13, 0
L_main17:
0x0376	0x2E0D      	DECFSZ      R13, 1, 0
0x0378	0xD7FE      	BRA         L_main17
0x037A	0x2E0C      	DECFSZ      R12, 1, 0
0x037C	0xD7FC      	BRA         L_main17
0x037E	0x2E0B      	DECFSZ      R11, 1, 0
0x0380	0xD7FA      	BRA         L_main17
0x0382	0x0000      	NOP
0x0384	0x0000      	NOP
;tramasDatos.c,66 :: 		}
0x0386	0xD7AE      	BRA         L_main3
;tramasDatos.c,68 :: 		}
L_end_main:
0x0388	0xD7FF      	BRA         $+0
; end of _main
0x03B4	0xF01BEE10  	LFSR        1, 27
0x03B8	0x0E2A      	MOVLW       42
0x03BA	0x6E00      	MOVWF       R0 
0x03BC	0x0E01      	MOVLW       1
0x03BE	0x6E01      	MOVWF       R1 
0x03C0	0x0E8A      	MOVLW       138
0x03C2	0x6EF6      	MOVWF       4086 
0x03C4	0x0E03      	MOVLW       3
0x03C6	0x6EF7      	MOVWF       TBLPTRH 
0x03C8	0x0E00      	MOVLW       0
0x03CA	0x6EF8      	MOVWF       TBLPTRU 
0x03CC	0xF000EC99  	CALL        306, 0
0x03D0	0x0012      	RETURN      0
;tramasDatos.c,0 :: ?ICS_trama
0x038A	0x0020 ;?ICS_trama+0
0x038C	0x0000 ;?ICS_trama+2
0x038E	0x0000 ;?ICS_trama+4
0x0390	0x0000 ;?ICS_trama+6
0x0392	0x0000 ;?ICS_trama+8
0x0394	0x0000 ;?ICS_trama+10
0x0396	0x0000 ;?ICS_trama+12
0x0398	0x0000 ;?ICS_trama+14
0x039A	0x0000 ;?ICS_trama+16
0x039C	0x0000 ;?ICS_trama+18
; end of ?ICS_trama
;tramasDatos.c,0 :: ?ICS_banderaRx
0x039E	0x00 ;?ICS_banderaRx+0
; end of ?ICS_banderaRx
;tramasDatos.c,0 :: ?ICS_strLCD
0x039F	0x4152 ;?ICS_strLCD+0
0x03A1	0x494D ;?ICS_strLCD+2
0x03A3	0x4F52 ;?ICS_strLCD+4
0x03A5	0x0000 ;?ICS_strLCD+6
0x03A7	0x0000 ;?ICS_strLCD+8
0x03A9	0x0000 ;?ICS_strLCD+10
0x03AB	0x0000 ;?ICS_strLCD+12
0x03AD	0x0000 ;?ICS_strLCD+14
0x03AF	0x0000 ;?ICS_strLCD+16
0x03B1	0x0000 ;?ICS_strLCD+18
; end of ?ICS_strLCD
;tramasDatos.c,0 :: ?ICS_indice
0x03B3	0x00 ;?ICS_indice+0
; end of ?ICS_indice
Symbol List:
//** Routines locations **
//ADDRESS    SIZE    PROCEDURE
//----------------------------------------------
0x0008     [118]    _Interrupt
0x007E      [12]    _Delay_1us
0x008A      [22]    _Delay_5500us
0x00A0      [10]    _Delay_50us
0x00AA     [124]    _Lcd_Cmd
0x0126      [12]    _Lcd_Chr_CP
0x0132      [16]    ___CC2DW
0x0142      [18]    _UART1_Read
0x0154      [86]    _UART1_Init
0x01AA     [122]    _Lcd_Out
0x0224     [150]    _Lcd_Init
0x02BA     [208]    _main
//** Variables locations ** 
//ADDRESS    SIZE    VARIABLE
//----------------------------------------------
0x0000       [1]    R0
0x0000       [1]    UART1_Init_tmp_L0
0x0001       [1]    R1
0x0001       [1]    UART1_Read___tmp_UART1_Read_L0
0x0002       [1]    R2
0x0003       [1]    R3
0x0004       [1]    R4
0x0005       [1]    R5
0x0006       [1]    R6
0x0007       [1]    R7
0x0008       [1]    R8
0x0009       [1]    R9
0x000A       [1]    R10
0x000B       [1]    R11
0x000C       [1]    R12
0x000D       [1]    R13
0x000E       [1]    R14
0x000F       [1]    R15
0x0010       [1]    R16
0x0011       [1]    R17
0x0012       [1]    R18
0x0013       [1]    R19
0x0014       [1]    R20
0x001B      [20]    _trama
0x002F       [1]    _banderaRx
0x0030      [20]    _strLCD
0x0044       [1]    _indice
0x0045       [4]    _UART_Wr_Ptr
0x0049       [0]    __Lib_Lcd_cmd_status
0x004A       [4]    _UART_Rd_Ptr
0x004E       [4]    _UART_Tx_Idle_Ptr
0x0052       [4]    _UART_Rdy_Ptr
0x0056       [1]    _letra
0x0057       [1]    _i
0x0058       [1]    FARG_Lcd_Out_row
0x0059       [1]    FARG_Lcd_Out_column
0x005A       [2]    FARG_Lcd_Out_text
0x005C       [1]    Lcd_Out_i_L0
0x005D       [1]    FARG_Lcd_Chr_CP_out_char
0x005E       [1]    FARG_Lcd_Cmd_out_char
0x005F       [2]    FLOC__Interrupt
0x0F80       [1]    PORTA
0x0F83       [0]    LCD_EN
0x0F83       [0]    LCD_RS
0x0F83       [0]    LCD_D5
0x0F83       [0]    LCD_D6
0x0F83       [0]    RD6_bit
0x0F83       [0]    LCD_D4
0x0F83       [0]    RD5_bit
0x0F83       [0]    LCD_D7
0x0F83       [0]    RD7_bit
0x0F83       [0]    RD4_bit
0x0F83       [0]    RD0_bit
0x0F83       [0]    RD1_bit
0x0F92       [0]    TRISA0_bit
0x0F94       [0]    TRISC7_bit
0x0F94       [0]    TRISC6_bit
0x0F95       [0]    TRISD7_bit
0x0F95       [0]    LCD_RS_Direction
0x0F95       [0]    LCD_D5_Direction
0x0F95       [0]    TRISD5_bit
0x0F95       [0]    TRISD4_bit
0x0F95       [0]    TRISD6_bit
0x0F95       [0]    TRISD1_bit
0x0F95       [0]    LCD_D7_Direction
0x0F95       [0]    LCD_D4_Direction
0x0F95       [0]    TRISD0_bit
0x0F95       [0]    LCD_EN_Direction
0x0F95       [0]    LCD_D6_Direction
0x0F9D       [0]    RCIE_bit
0x0F9E       [1]    PIR1
0x0F9E       [0]    RCIF_bit
0x0FAB       [1]    RCSTA
0x0FAC       [1]    TXSTA
0x0FAE       [1]    RCREG
0x0FAF       [1]    SPBRG
0x0FB0       [1]    SPBRGH
0x0FB8       [1]    BAUDCON
0x0FC1       [1]    ADCON1
0x0FD8       [1]    STATUS
0x0FD9       [1]    FSR2L
0x0FDA       [1]    FSR2H
0x0FDE       [1]    POSTINC2
0x0FE0       [1]    BSR
0x0FE1       [1]    FSR1L
0x0FE2       [1]    FSR1H
0x0FE4       [1]    PREINC1
0x0FE6       [1]    POSTINC1
0x0FE7       [1]    INDF1
0x0FE8       [1]    WREG
0x0FE9       [1]    FSR0L
0x0FEA       [1]    FSR0H
0x0FEE       [1]    POSTINC0
0x0FF2       [0]    PEIE_bit
0x0FF2       [0]    GIE_bit
0x0FF3       [1]    PRODL
0x0FF4       [1]    PRODH
0x0FF5       [1]    TABLAT
0x0FF6       [1]    TBLPTRL
0x0FF7       [1]    TBLPTRH
0x0FF8       [1]    TBLPTRU
//** Constants locations ** 
//ADDRESS    SIZE    CONSTANT
//----------------------------------------------
0x038A      [20]    ?ICS_trama
0x039E       [1]    ?ICS_banderaRx
0x039F      [20]    ?ICS_strLCD
0x03B3       [1]    ?ICS_indice
