;  LST file generated by mikroListExporter - v.2.0 
; Date/Time: 13/07/2023 08:12:48 p. m.
;----------------------------------------------

;Address Opcode 	ASM
0x0000	0xF000EFCD  	GOTO        410
0x0004	0x0000      	NOP
0x0006	0x0000      	NOP
0x0008	0xF000EF00  	GOTO        0
0x000C	0x0000      	NOP
0x000E	0x0000      	NOP
0x0010	0x0000      	NOP
0x0012	0x0000      	NOP
0x0014	0x0000      	NOP
0x0016	0x0000      	NOP
0x0018	0xD7F3      	BRA         0
_Sec2:
;Secuencias.c,20 :: 		void Sec2(){
;Secuencias.c,21 :: 		LATD = 0XF0;
0x001C	0x0EF0      	MOVLW       240
0x001E	0x6E8C      	MOVWF       LATD 
;Secuencias.c,22 :: 		delay_ms(200);
0x0020	0x0E02      	MOVLW       2
0x0022	0x6E0B      	MOVWF       R11, 0
0x0024	0x0E04      	MOVLW       4
0x0026	0x6E0C      	MOVWF       R12, 0
0x0028	0x0EBA      	MOVLW       186
0x002A	0x6E0D      	MOVWF       R13, 0
L_Sec28:
0x002C	0x2E0D      	DECFSZ      R13, 1, 0
0x002E	0xD7FE      	BRA         L_Sec28
0x0030	0x2E0C      	DECFSZ      R12, 1, 0
0x0032	0xD7FC      	BRA         L_Sec28
0x0034	0x2E0B      	DECFSZ      R11, 1, 0
0x0036	0xD7FA      	BRA         L_Sec28
0x0038	0x0000      	NOP
;Secuencias.c,23 :: 		LATD = 0X0F;
0x003A	0x0E0F      	MOVLW       15
0x003C	0x6E8C      	MOVWF       LATD 
;Secuencias.c,24 :: 		delay_ms(200);
0x003E	0x0E02      	MOVLW       2
0x0040	0x6E0B      	MOVWF       R11, 0
0x0042	0x0E04      	MOVLW       4
0x0044	0x6E0C      	MOVWF       R12, 0
0x0046	0x0EBA      	MOVLW       186
0x0048	0x6E0D      	MOVWF       R13, 0
L_Sec29:
0x004A	0x2E0D      	DECFSZ      R13, 1, 0
0x004C	0xD7FE      	BRA         L_Sec29
0x004E	0x2E0C      	DECFSZ      R12, 1, 0
0x0050	0xD7FC      	BRA         L_Sec29
0x0052	0x2E0B      	DECFSZ      R11, 1, 0
0x0054	0xD7FA      	BRA         L_Sec29
0x0056	0x0000      	NOP
;Secuencias.c,25 :: 		}
L_end_Sec2:
0x0058	0x0012      	RETURN      0
; end of _Sec2
_Sec3:
;Secuencias.c,26 :: 		void Sec3(){
;Secuencias.c,27 :: 		LATD = 0b01010101;
0x005A	0x0E55      	MOVLW       85
0x005C	0x6E8C      	MOVWF       LATD 
;Secuencias.c,28 :: 		delay_ms(200);
0x005E	0x0E02      	MOVLW       2
0x0060	0x6E0B      	MOVWF       R11, 0
0x0062	0x0E04      	MOVLW       4
0x0064	0x6E0C      	MOVWF       R12, 0
0x0066	0x0EBA      	MOVLW       186
0x0068	0x6E0D      	MOVWF       R13, 0
L_Sec310:
0x006A	0x2E0D      	DECFSZ      R13, 1, 0
0x006C	0xD7FE      	BRA         L_Sec310
0x006E	0x2E0C      	DECFSZ      R12, 1, 0
0x0070	0xD7FC      	BRA         L_Sec310
0x0072	0x2E0B      	DECFSZ      R11, 1, 0
0x0074	0xD7FA      	BRA         L_Sec310
0x0076	0x0000      	NOP
;Secuencias.c,29 :: 		LATD = 0b10101010;
0x0078	0x0EAA      	MOVLW       170
0x007A	0x6E8C      	MOVWF       LATD 
;Secuencias.c,30 :: 		delay_ms(200);
0x007C	0x0E02      	MOVLW       2
0x007E	0x6E0B      	MOVWF       R11, 0
0x0080	0x0E04      	MOVLW       4
0x0082	0x6E0C      	MOVWF       R12, 0
0x0084	0x0EBA      	MOVLW       186
0x0086	0x6E0D      	MOVWF       R13, 0
L_Sec311:
0x0088	0x2E0D      	DECFSZ      R13, 1, 0
0x008A	0xD7FE      	BRA         L_Sec311
0x008C	0x2E0C      	DECFSZ      R12, 1, 0
0x008E	0xD7FC      	BRA         L_Sec311
0x0090	0x2E0B      	DECFSZ      R11, 1, 0
0x0092	0xD7FA      	BRA         L_Sec311
0x0094	0x0000      	NOP
;Secuencias.c,31 :: 		}
L_end_Sec3:
0x0096	0x0012      	RETURN      0
; end of _Sec3
_Sec1:
;Secuencias.c,2 :: 		void Sec1(){
;Secuencias.c,3 :: 		LATD = 0b00000001;
0x0098	0x0E01      	MOVLW       1
0x009A	0x6E8C      	MOVWF       LATD 
;Secuencias.c,4 :: 		delay_ms(200);
0x009C	0x0E02      	MOVLW       2
0x009E	0x6E0B      	MOVWF       R11, 0
0x00A0	0x0E04      	MOVLW       4
0x00A2	0x6E0C      	MOVWF       R12, 0
0x00A4	0x0EBA      	MOVLW       186
0x00A6	0x6E0D      	MOVWF       R13, 0
L_Sec10:
0x00A8	0x2E0D      	DECFSZ      R13, 1, 0
0x00AA	0xD7FE      	BRA         L_Sec10
0x00AC	0x2E0C      	DECFSZ      R12, 1, 0
0x00AE	0xD7FC      	BRA         L_Sec10
0x00B0	0x2E0B      	DECFSZ      R11, 1, 0
0x00B2	0xD7FA      	BRA         L_Sec10
0x00B4	0x0000      	NOP
;Secuencias.c,5 :: 		LATD = 0b00000010;
0x00B6	0x0E02      	MOVLW       2
0x00B8	0x6E8C      	MOVWF       LATD 
;Secuencias.c,6 :: 		delay_ms(200);
0x00BA	0x0E02      	MOVLW       2
0x00BC	0x6E0B      	MOVWF       R11, 0
0x00BE	0x0E04      	MOVLW       4
0x00C0	0x6E0C      	MOVWF       R12, 0
0x00C2	0x0EBA      	MOVLW       186
0x00C4	0x6E0D      	MOVWF       R13, 0
L_Sec11:
0x00C6	0x2E0D      	DECFSZ      R13, 1, 0
0x00C8	0xD7FE      	BRA         L_Sec11
0x00CA	0x2E0C      	DECFSZ      R12, 1, 0
0x00CC	0xD7FC      	BRA         L_Sec11
0x00CE	0x2E0B      	DECFSZ      R11, 1, 0
0x00D0	0xD7FA      	BRA         L_Sec11
0x00D2	0x0000      	NOP
;Secuencias.c,7 :: 		LATD = 0b00000100;
0x00D4	0x0E04      	MOVLW       4
0x00D6	0x6E8C      	MOVWF       LATD 
;Secuencias.c,8 :: 		delay_ms(200);
0x00D8	0x0E02      	MOVLW       2
0x00DA	0x6E0B      	MOVWF       R11, 0
0x00DC	0x0E04      	MOVLW       4
0x00DE	0x6E0C      	MOVWF       R12, 0
0x00E0	0x0EBA      	MOVLW       186
0x00E2	0x6E0D      	MOVWF       R13, 0
L_Sec12:
0x00E4	0x2E0D      	DECFSZ      R13, 1, 0
0x00E6	0xD7FE      	BRA         L_Sec12
0x00E8	0x2E0C      	DECFSZ      R12, 1, 0
0x00EA	0xD7FC      	BRA         L_Sec12
0x00EC	0x2E0B      	DECFSZ      R11, 1, 0
0x00EE	0xD7FA      	BRA         L_Sec12
0x00F0	0x0000      	NOP
;Secuencias.c,9 :: 		LATD = 0b00001000;
0x00F2	0x0E08      	MOVLW       8
0x00F4	0x6E8C      	MOVWF       LATD 
;Secuencias.c,10 :: 		delay_ms(200);
0x00F6	0x0E02      	MOVLW       2
0x00F8	0x6E0B      	MOVWF       R11, 0
0x00FA	0x0E04      	MOVLW       4
0x00FC	0x6E0C      	MOVWF       R12, 0
0x00FE	0x0EBA      	MOVLW       186
0x0100	0x6E0D      	MOVWF       R13, 0
L_Sec13:
0x0102	0x2E0D      	DECFSZ      R13, 1, 0
0x0104	0xD7FE      	BRA         L_Sec13
0x0106	0x2E0C      	DECFSZ      R12, 1, 0
0x0108	0xD7FC      	BRA         L_Sec13
0x010A	0x2E0B      	DECFSZ      R11, 1, 0
0x010C	0xD7FA      	BRA         L_Sec13
0x010E	0x0000      	NOP
;Secuencias.c,11 :: 		LATD = 0b00010000;
0x0110	0x0E10      	MOVLW       16
0x0112	0x6E8C      	MOVWF       LATD 
;Secuencias.c,12 :: 		delay_ms(200);
0x0114	0x0E02      	MOVLW       2
0x0116	0x6E0B      	MOVWF       R11, 0
0x0118	0x0E04      	MOVLW       4
0x011A	0x6E0C      	MOVWF       R12, 0
0x011C	0x0EBA      	MOVLW       186
0x011E	0x6E0D      	MOVWF       R13, 0
L_Sec14:
0x0120	0x2E0D      	DECFSZ      R13, 1, 0
0x0122	0xD7FE      	BRA         L_Sec14
0x0124	0x2E0C      	DECFSZ      R12, 1, 0
0x0126	0xD7FC      	BRA         L_Sec14
0x0128	0x2E0B      	DECFSZ      R11, 1, 0
0x012A	0xD7FA      	BRA         L_Sec14
0x012C	0x0000      	NOP
;Secuencias.c,13 :: 		LATD = 0b00100000;
0x012E	0x0E20      	MOVLW       32
0x0130	0x6E8C      	MOVWF       LATD 
;Secuencias.c,14 :: 		delay_ms(200);
0x0132	0x0E02      	MOVLW       2
0x0134	0x6E0B      	MOVWF       R11, 0
0x0136	0x0E04      	MOVLW       4
0x0138	0x6E0C      	MOVWF       R12, 0
0x013A	0x0EBA      	MOVLW       186
0x013C	0x6E0D      	MOVWF       R13, 0
L_Sec15:
0x013E	0x2E0D      	DECFSZ      R13, 1, 0
0x0140	0xD7FE      	BRA         L_Sec15
0x0142	0x2E0C      	DECFSZ      R12, 1, 0
0x0144	0xD7FC      	BRA         L_Sec15
0x0146	0x2E0B      	DECFSZ      R11, 1, 0
0x0148	0xD7FA      	BRA         L_Sec15
0x014A	0x0000      	NOP
;Secuencias.c,15 :: 		LATD = 0b01000000;
0x014C	0x0E40      	MOVLW       64
0x014E	0x6E8C      	MOVWF       LATD 
;Secuencias.c,16 :: 		delay_ms(200);
0x0150	0x0E02      	MOVLW       2
0x0152	0x6E0B      	MOVWF       R11, 0
0x0154	0x0E04      	MOVLW       4
0x0156	0x6E0C      	MOVWF       R12, 0
0x0158	0x0EBA      	MOVLW       186
0x015A	0x6E0D      	MOVWF       R13, 0
L_Sec16:
0x015C	0x2E0D      	DECFSZ      R13, 1, 0
0x015E	0xD7FE      	BRA         L_Sec16
0x0160	0x2E0C      	DECFSZ      R12, 1, 0
0x0162	0xD7FC      	BRA         L_Sec16
0x0164	0x2E0B      	DECFSZ      R11, 1, 0
0x0166	0xD7FA      	BRA         L_Sec16
0x0168	0x0000      	NOP
;Secuencias.c,17 :: 		LATD = 0b10000000;
0x016A	0x0E80      	MOVLW       128
0x016C	0x6E8C      	MOVWF       LATD 
;Secuencias.c,18 :: 		delay_ms(200);
0x016E	0x0E02      	MOVLW       2
0x0170	0x6E0B      	MOVWF       R11, 0
0x0172	0x0E04      	MOVLW       4
0x0174	0x6E0C      	MOVWF       R12, 0
0x0176	0x0EBA      	MOVLW       186
0x0178	0x6E0D      	MOVWF       R13, 0
L_Sec17:
0x017A	0x2E0D      	DECFSZ      R13, 1, 0
0x017C	0xD7FE      	BRA         L_Sec17
0x017E	0x2E0C      	DECFSZ      R12, 1, 0
0x0180	0xD7FC      	BRA         L_Sec17
0x0182	0x2E0B      	DECFSZ      R11, 1, 0
0x0184	0xD7FA      	BRA         L_Sec17
0x0186	0x0000      	NOP
;Secuencias.c,19 :: 		}
L_end_Sec1:
0x0188	0x0012      	RETURN      0
; end of _Sec1
___CC2DW:
;__Lib_System.c,21 :: 		
;__Lib_System.c,23 :: 		
_CC2DL_Loop1:
;__Lib_System.c,24 :: 		
0x018A	0x0009      	TBLRD*+
;__Lib_System.c,25 :: 		
0x018C	0xFFE6CFF5  	MOVFF       TABLAT, POSTINC1
;__Lib_System.c,26 :: 		
0x0190	0x0600      	DECF        R0, 1, 0
;__Lib_System.c,27 :: 		
0x0192	0xE1FB      	BNZ         _CC2DL_Loop1
;__Lib_System.c,28 :: 		
0x0194	0x0601      	DECF        R1, 1, 0
;__Lib_System.c,29 :: 		
0x0196	0xE1F9      	BNZ         _CC2DL_Loop1
;__Lib_System.c,31 :: 		
L_end___CC2DW:
0x0198	0x0012      	RETURN      0
; end of ___CC2DW
_main:
0x019A	0x6A15      	CLRF        _i 
0x019C	0x6A16      	CLRF        22 
;Secuencias.c,34 :: 		void main() {
;Secuencias.c,36 :: 		TRISD = 0b00000000;
0x019E	0x6A95      	CLRF        TRISD 
;Secuencias.c,37 :: 		LATD = 0x00;
0x01A0	0x6A8C      	CLRF        LATD 
;Secuencias.c,38 :: 		while(1){
L_main12:
;Secuencias.c,39 :: 		for (i=0; i<=6; i++){
0x01A2	0x6A15      	CLRF        _i 
0x01A4	0x6A16      	CLRF        _i+1 
L_main14:
0x01A6	0x0E80      	MOVLW       128
0x01A8	0x6E00      	MOVWF       R0 
0x01AA	0x0E80      	MOVLW       128
0x01AC	0x1816      	XORWF       _i+1, 0 
0x01AE	0x5C00      	SUBWF       R0, 0 
0x01B0	0xE102      	BNZ         L__main27
0x01B2	0x5015      	MOVF        _i, 0 
0x01B4	0x0806      	SUBLW       6
L__main27:
0x01B6	0xE304      	BNC         L_main15
;Secuencias.c,40 :: 		Sec1();
0x01B8	0xDF6F      	RCALL       _Sec1
;Secuencias.c,39 :: 		for (i=0; i<=6; i++){
0x01BA	0x4A15      	INFSNZ      _i, 1 
0x01BC	0x2A16      	INCF        _i+1, 1 
;Secuencias.c,41 :: 		}
0x01BE	0xD7F3      	BRA         L_main14
L_main15:
;Secuencias.c,42 :: 		for(i=0; i<=23; i++){
0x01C0	0x6A15      	CLRF        _i 
0x01C2	0x6A16      	CLRF        _i+1 
L_main17:
0x01C4	0x0E80      	MOVLW       128
0x01C6	0x6E00      	MOVWF       R0 
0x01C8	0x0E80      	MOVLW       128
0x01CA	0x1816      	XORWF       _i+1, 0 
0x01CC	0x5C00      	SUBWF       R0, 0 
0x01CE	0xE102      	BNZ         L__main28
0x01D0	0x5015      	MOVF        _i, 0 
0x01D2	0x0817      	SUBLW       23
L__main28:
0x01D4	0xE304      	BNC         L_main18
;Secuencias.c,43 :: 		Sec2();
0x01D6	0xDF22      	RCALL       _Sec2
;Secuencias.c,42 :: 		for(i=0; i<=23; i++){
0x01D8	0x4A15      	INFSNZ      _i, 1 
0x01DA	0x2A16      	INCF        _i+1, 1 
;Secuencias.c,44 :: 		}
0x01DC	0xD7F3      	BRA         L_main17
L_main18:
;Secuencias.c,45 :: 		for(i=0; i<=23; i++){
0x01DE	0x6A15      	CLRF        _i 
0x01E0	0x6A16      	CLRF        _i+1 
L_main20:
0x01E2	0x0E80      	MOVLW       128
0x01E4	0x6E00      	MOVWF       R0 
0x01E6	0x0E80      	MOVLW       128
0x01E8	0x1816      	XORWF       _i+1, 0 
0x01EA	0x5C00      	SUBWF       R0, 0 
0x01EC	0xE102      	BNZ         L__main29
0x01EE	0x5015      	MOVF        _i, 0 
0x01F0	0x0817      	SUBLW       23
L__main29:
0x01F2	0xE304      	BNC         L_main21
;Secuencias.c,46 :: 		Sec3();
0x01F4	0xDF32      	RCALL       _Sec3
;Secuencias.c,45 :: 		for(i=0; i<=23; i++){
0x01F6	0x4A15      	INFSNZ      _i, 1 
0x01F8	0x2A16      	INCF        _i+1, 1 
;Secuencias.c,47 :: 		}
0x01FA	0xD7F3      	BRA         L_main20
L_main21:
;Secuencias.c,49 :: 		}
0x01FC	0xD7D2      	BRA         L_main12
;Secuencias.c,51 :: 		}
L_end_main:
0x01FE	0xD7FF      	BRA         $+0
; end of _main
Symbol List:
//** Routines locations **
//ADDRESS    SIZE    PROCEDURE
//----------------------------------------------
0x001C      [62]    _Sec2
0x005A      [62]    _Sec3
0x0098     [242]    _Sec1
0x018A      [16]    ___CC2DW
0x019A     [102]    _main
//** Variables locations ** 
//ADDRESS    SIZE    VARIABLE
//----------------------------------------------
0x0000       [1]    R0
0x0001       [1]    R1
0x0002       [1]    R2
0x0003       [1]    R3
0x0004       [1]    R4
0x0005       [1]    R5
0x0006       [1]    R6
0x0007       [1]    R7
0x0008       [1]    R8
0x0009       [1]    R9
0x000A       [1]    R10
0x000B       [1]    R11
0x000C       [1]    R12
0x000D       [1]    R13
0x000E       [1]    R14
0x000F       [1]    R15
0x0010       [1]    R16
0x0011       [1]    R17
0x0012       [1]    R18
0x0013       [1]    R19
0x0014       [1]    R20
0x0015       [2]    _i
0x0F8C       [1]    LATD
0x0F95       [1]    TRISD
0x0FD8       [1]    STATUS
0x0FD9       [1]    FSR2L
0x0FDA       [1]    FSR2H
0x0FDE       [1]    POSTINC2
0x0FE0       [1]    BSR
0x0FE1       [1]    FSR1L
0x0FE2       [1]    FSR1H
0x0FE4       [1]    PREINC1
0x0FE6       [1]    POSTINC1
0x0FE7       [1]    INDF1
0x0FE8       [1]    WREG
0x0FE9       [1]    FSR0L
0x0FEA       [1]    FSR0H
0x0FEE       [1]    POSTINC0
0x0FF3       [1]    PRODL
0x0FF4       [1]    PRODH
0x0FF5       [1]    TABLAT
0x0FF6       [1]    TBLPTRL
0x0FF7       [1]    TBLPTRH
0x0FF8       [1]    TBLPTRU
