;  LST file generated by mikroListExporter - v.2.0 
; Date/Time: 24/07/2023 05:07:04 p. m.
;----------------------------------------------

;Address Opcode 	ASM
0x0000	0xF000EF16  	GOTO        44
0x0004	0x0000      	NOP
0x0006	0x0000      	NOP
0x0008	0xF000EF00  	GOTO        0
0x000C	0x0000      	NOP
0x000E	0x0000      	NOP
0x0010	0x0000      	NOP
0x0012	0x0000      	NOP
0x0014	0x0000      	NOP
0x0016	0x0000      	NOP
0x0018	0xD7F3      	BRA         0
___CC2DW:
;__Lib_System.c,21 :: 		
;__Lib_System.c,23 :: 		
_CC2DL_Loop1:
;__Lib_System.c,24 :: 		
0x001C	0x0009      	TBLRD*+
;__Lib_System.c,25 :: 		
0x001E	0xFFE6CFF5  	MOVFF       TABLAT, POSTINC1
;__Lib_System.c,26 :: 		
0x0022	0x0600      	DECF        R0, 1, 0
;__Lib_System.c,27 :: 		
0x0024	0xE1FB      	BNZ         _CC2DL_Loop1
;__Lib_System.c,28 :: 		
0x0026	0x0601      	DECF        R1, 1, 0
;__Lib_System.c,29 :: 		
0x0028	0xE1F9      	BNZ         _CC2DL_Loop1
;__Lib_System.c,31 :: 		
L_end___CC2DW:
0x002A	0x0012      	RETURN      0
; end of ___CC2DW
_main:
0x002C	0x0E01      	MOVLW       1
0x002E	0x6E15      	MOVWF       _valor1 
0x0030	0x6A16      	CLRF        22 
0x0032	0x0EFF      	MOVLW       255
0x0034	0x6E17      	MOVWF       _valor2 
0x0036	0x0E07      	MOVLW       7
0x0038	0x6E18      	MOVWF       24 
0x003A	0x6A19      	CLRF        _iter 
0x003C	0x6A1A      	CLRF        26 
0x003E	0x6A1B      	CLRF        _i 
0x0040	0x6A1C      	CLRF        28 
;Menejo_bits.c,2 :: 		void main() {
;Menejo_bits.c,3 :: 		OSCCON = 0x72;
0x0042	0x0E72      	MOVLW       114
0x0044	0x6ED3      	MOVWF       OSCCON 
;Menejo_bits.c,4 :: 		ADCON1 = 0x0F;
0x0046	0x0E0F      	MOVLW       15
0x0048	0x6EC1      	MOVWF       ADCON1 
;Menejo_bits.c,5 :: 		TRISC  = 0x00;
0x004A	0x6A94      	CLRF        TRISC 
;Menejo_bits.c,6 :: 		TRISD  = 0x00;
0x004C	0x6A95      	CLRF        TRISD 
;Menejo_bits.c,10 :: 		while(1){
L_main0:
;Menejo_bits.c,11 :: 		LATD = iter;
0x004E	0xFF8CC019  	MOVFF       _iter, LATD
;Menejo_bits.c,12 :: 		LATC = iter>>8;
0x0052	0xF000C01A  	MOVFF       _iter+1, R0
0x0056	0x0E00      	MOVLW       0
0x0058	0xBE1A      	BTFSC       _iter+1, 7 
0x005A	0x0EFF      	MOVLW       255
0x005C	0x6E01      	MOVWF       R1 
0x005E	0xFF8BC000  	MOVFF       R0, LATC
;Menejo_bits.c,13 :: 		if(i<=11){
0x0062	0x0E80      	MOVLW       128
0x0064	0x6E00      	MOVWF       R0 
0x0066	0x0E80      	MOVLW       128
0x0068	0x181C      	XORWF       _i+1, 0 
0x006A	0x5C00      	SUBWF       R0, 0 
0x006C	0xE102      	BNZ         L__main7
0x006E	0x501B      	MOVF        _i, 0 
0x0070	0x080B      	SUBLW       11
L__main7:
0x0072	0xE312      	BNC         L_main2
;Menejo_bits.c,14 :: 		iter = iter | (valor1<<i);
0x0074	0xF002C01B  	MOVFF       _i, R2
0x0078	0xF000C015  	MOVFF       _valor1, R0
0x007C	0xF001C016  	MOVFF       _valor1+1, R1
0x0080	0x5002      	MOVF        R2, 0 
L__main8:
0x0082	0xE005      	BZ          L__main9
0x0084	0x3600      	RLCF        R0, 1 
0x0086	0x9000      	BCF         R0, 0 
0x0088	0x3601      	RLCF        R1, 1 
0x008A	0x0FFF      	ADDLW       255
0x008C	0xD7FA      	BRA         L__main8
L__main9:
0x008E	0x5000      	MOVF        R0, 0 
0x0090	0x1219      	IORWF       _iter, 1 
0x0092	0x5001      	MOVF        R1, 0 
0x0094	0x121A      	IORWF       _iter+1, 1 
;Menejo_bits.c,15 :: 		}
0x0096	0xD019      	BRA         L_main3
L_main2:
;Menejo_bits.c,17 :: 		iter = iter & (valor2>>(i-11));
0x0098	0x0E0B      	MOVLW       11
0x009A	0x5C1B      	SUBWF       _i, 0 
0x009C	0x6E00      	MOVWF       R0 
0x009E	0x0E00      	MOVLW       0
0x00A0	0x581C      	SUBWFB      _i+1, 0 
0x00A2	0x6E01      	MOVWF       R1 
0x00A4	0xF002C000  	MOVFF       R0, R2
0x00A8	0xF000C017  	MOVFF       _valor2, R0
0x00AC	0xF001C018  	MOVFF       _valor2+1, R1
0x00B0	0x5002      	MOVF        R2, 0 
L__main10:
0x00B2	0xE007      	BZ          L__main11
0x00B4	0x3201      	RRCF        R1, 1 
0x00B6	0x3200      	RRCF        R0, 1 
0x00B8	0x9E01      	BCF         R1, 7 
0x00BA	0xBC01      	BTFSC       R1, 6 
0x00BC	0x8E01      	BSF         R1, 7 
0x00BE	0x0FFF      	ADDLW       255
0x00C0	0xD7F8      	BRA         L__main10
L__main11:
0x00C2	0x5000      	MOVF        R0, 0 
0x00C4	0x1619      	ANDWF       _iter, 1 
0x00C6	0x5001      	MOVF        R1, 0 
0x00C8	0x161A      	ANDWF       _iter+1, 1 
;Menejo_bits.c,18 :: 		}
L_main3:
;Menejo_bits.c,19 :: 		i++;
0x00CA	0x4A1B      	INFSNZ      _i, 1 
0x00CC	0x2A1C      	INCF        _i+1, 1 
;Menejo_bits.c,20 :: 		if(i>22)
0x00CE	0x0E80      	MOVLW       128
0x00D0	0x6E00      	MOVWF       R0 
0x00D2	0x0E80      	MOVLW       128
0x00D4	0x181C      	XORWF       _i+1, 0 
0x00D6	0x5C00      	SUBWF       R0, 0 
0x00D8	0xE102      	BNZ         L__main12
0x00DA	0x501B      	MOVF        _i, 0 
0x00DC	0x0816      	SUBLW       22
L__main12:
0x00DE	0xE202      	BC          L_main4
;Menejo_bits.c,21 :: 		i=0;
0x00E0	0x6A1B      	CLRF        _i 
0x00E2	0x6A1C      	CLRF        _i+1 
L_main4:
;Menejo_bits.c,22 :: 		delay_ms(200);
0x00E4	0x0E03      	MOVLW       3
0x00E6	0x6E0B      	MOVWF       R11, 0
0x00E8	0x0E08      	MOVLW       8
0x00EA	0x6E0C      	MOVWF       R12, 0
0x00EC	0x0E77      	MOVLW       119
0x00EE	0x6E0D      	MOVWF       R13, 0
L_main5:
0x00F0	0x2E0D      	DECFSZ      R13, 1, 0
0x00F2	0xD7FE      	BRA         L_main5
0x00F4	0x2E0C      	DECFSZ      R12, 1, 0
0x00F6	0xD7FC      	BRA         L_main5
0x00F8	0x2E0B      	DECFSZ      R11, 1, 0
0x00FA	0xD7FA      	BRA         L_main5
;Menejo_bits.c,26 :: 		}
0x00FC	0xD7A8      	BRA         L_main0
;Menejo_bits.c,29 :: 		}
L_end_main:
0x00FE	0xD7FF      	BRA         $+0
; end of _main
Symbol List:
//** Routines locations **
//ADDRESS    SIZE    PROCEDURE
//----------------------------------------------
0x001C      [16]    ___CC2DW
0x002C     [212]    _main
//** Variables locations ** 
//ADDRESS    SIZE    VARIABLE
//----------------------------------------------
0x0000       [1]    R0
0x0001       [1]    R1
0x0002       [1]    R2
0x0003       [1]    R3
0x0004       [1]    R4
0x0005       [1]    R5
0x0006       [1]    R6
0x0007       [1]    R7
0x0008       [1]    R8
0x0009       [1]    R9
0x000A       [1]    R10
0x000B       [1]    R11
0x000C       [1]    R12
0x000D       [1]    R13
0x000E       [1]    R14
0x000F       [1]    R15
0x0010       [1]    R16
0x0011       [1]    R17
0x0012       [1]    R18
0x0013       [1]    R19
0x0014       [1]    R20
0x0015       [2]    _valor1
0x0017       [2]    _valor2
0x0019       [2]    _iter
0x001B       [2]    _i
0x0F8B       [1]    LATC
0x0F8C       [1]    LATD
0x0F94       [1]    TRISC
0x0F95       [1]    TRISD
0x0FC1       [1]    ADCON1
0x0FD3       [1]    OSCCON
0x0FD8       [1]    STATUS
0x0FD9       [1]    FSR2L
0x0FDA       [1]    FSR2H
0x0FDE       [1]    POSTINC2
0x0FE0       [1]    BSR
0x0FE1       [1]    FSR1L
0x0FE2       [1]    FSR1H
0x0FE4       [1]    PREINC1
0x0FE6       [1]    POSTINC1
0x0FE7       [1]    INDF1
0x0FE8       [1]    WREG
0x0FE9       [1]    FSR0L
0x0FEA       [1]    FSR0H
0x0FEE       [1]    POSTINC0
0x0FF3       [1]    PRODL
0x0FF4       [1]    PRODH
0x0FF5       [1]    TABLAT
0x0FF6       [1]    TBLPTRL
0x0FF7       [1]    TBLPTRH
0x0FF8       [1]    TBLPTRU
