;  LST file generated by mikroListExporter - v.2.0 
; Date/Time: 15/08/2024 09:20:27 p. m.
;----------------------------------------------

;Address Opcode 	ASM
0x0000	0xF001EF43  	GOTO        646
_interrupt:
;INT_EXTERNAS.c,4 :: 		void interrupt(){
0x0008	0xF016C000  	MOVFF       R0, 22
0x000C	0xF015C001  	MOVFF       R1, 21
;INT_EXTERNAS.c,6 :: 		if(INT0IF_bit == 1){
0x0010	0xA2F2      	BTFSS       INT0IF_bit, BitPos(INT0IF_bit+0) 
0x0012	0xD013      	BRA         L_interrupt0
;INT_EXTERNAS.c,7 :: 		i++;
0x0014	0x4A17      	INFSNZ      _i, 1 
0x0016	0x2A18      	INCF        _i+1, 1 
;INT_EXTERNAS.c,8 :: 		if(i>9)
0x0018	0x0E80      	MOVLW       128
0x001A	0x6E00      	MOVWF       R0 
0x001C	0x0E80      	MOVLW       128
0x001E	0x1818      	XORWF       _i+1, 0 
0x0020	0x5C00      	SUBWF       R0, 0 
0x0022	0xE102      	BNZ         L__interrupt8
0x0024	0x5017      	MOVF        _i, 0 
0x0026	0x0809      	SUBLW       9
L__interrupt8:
0x0028	0xE202      	BC          L_interrupt1
;INT_EXTERNAS.c,9 :: 		i=0;
0x002A	0x6A17      	CLRF        _i 
0x002C	0x6A18      	CLRF        _i+1 
L_interrupt1:
;INT_EXTERNAS.c,10 :: 		LATA = decoAC(i);
0x002E	0xF021C017  	MOVFF       _i, FARG_decoAC_valor
0x0032	0xD8A8      	RCALL       _decoAC
0x0034	0xFF89C000  	MOVFF       R0, LATA
;INT_EXTERNAS.c,11 :: 		INT0IF_bit = 0;                //BORRAMOS LA BANDERA DEBIDO A QUE ATENDIMOS EL EVENTO
0x0038	0x92F2      	BCF         INT0IF_bit, BitPos(INT0IF_bit+0) 
;INT_EXTERNAS.c,12 :: 		}
L_interrupt0:
;INT_EXTERNAS.c,13 :: 		if(INT1IF_bit == 1){
0x003A	0xA0F0      	BTFSS       INT1IF_bit, BitPos(INT1IF_bit+0) 
0x003C	0xD017      	BRA         L_interrupt2
;INT_EXTERNAS.c,14 :: 		i--;
0x003E	0x0E01      	MOVLW       1
0x0040	0x5E17      	SUBWF       _i, 1 
0x0042	0x0E00      	MOVLW       0
0x0044	0x5A18      	SUBWFB      _i+1, 1 
;INT_EXTERNAS.c,15 :: 		if(i<0)
0x0046	0x0E80      	MOVLW       128
0x0048	0x1818      	XORWF       _i+1, 0 
0x004A	0x6E00      	MOVWF       R0 
0x004C	0x0E80      	MOVLW       128
0x004E	0x5C00      	SUBWF       R0, 0 
0x0050	0xE102      	BNZ         L__interrupt9
0x0052	0x0E00      	MOVLW       0
0x0054	0x5C17      	SUBWF       _i, 0 
L__interrupt9:
0x0056	0xE204      	BC          L_interrupt3
;INT_EXTERNAS.c,16 :: 		i=9;
0x0058	0x0E09      	MOVLW       9
0x005A	0x6E17      	MOVWF       _i 
0x005C	0x0E00      	MOVLW       0
0x005E	0x6E18      	MOVWF       _i+1 
L_interrupt3:
;INT_EXTERNAS.c,17 :: 		LATA = decoAC(i);
0x0060	0xF021C017  	MOVFF       _i, FARG_decoAC_valor
0x0064	0xD88F      	RCALL       _decoAC
0x0066	0xFF89C000  	MOVFF       R0, LATA
;INT_EXTERNAS.c,18 :: 		INT1IF_bit = 0;                //BORRAMOS LA BANDERA DEBIDO A QUE ATENDIMOS EL EVENTO
0x006A	0x90F0      	BCF         INT1IF_bit, BitPos(INT1IF_bit+0) 
;INT_EXTERNAS.c,19 :: 		}
L_interrupt2:
;INT_EXTERNAS.c,20 :: 		}
L_end_interrupt:
L__interrupt7:
0x006C	0xF000C016  	MOVFF       22, R0
0x0070	0xF001C015  	MOVFF       21, R1
0x0074	0x0011      	RETFIE      1
; end of _interrupt
_Mul_32x32_U:
;__Lib_Math.c,1616 :: 		
;__Lib_Math.c,1631 :: 		
0x0076	0x0E22      	MOVLW       34
;__Lib_Math.c,1632 :: 		
0x0078	0x6E0C      	MOVWF       R12, 0
;__Lib_Math.c,1633 :: 		
0x007A	0x6A08      	CLRF        R8, 0
;__Lib_Math.c,1634 :: 		
0x007C	0x6A09      	CLRF        R9, 0
;__Lib_Math.c,1635 :: 		
0x007E	0x6A0A      	CLRF        R10, 0
;__Lib_Math.c,1636 :: 		
0x0080	0x6A0B      	CLRF        R11, 0
;__Lib_Math.c,1638 :: 		
_NEXT:
;__Lib_Math.c,1642 :: 		
0x0082	0x060C      	DECF        R12, 1, 0
;__Lib_Math.c,1643 :: 		
0x0084	0xB4D8      	BTFSC       STATUS, 2, 0
;__Lib_Math.c,1644 :: 		
0x0086	0xD01F      	BRA         _EXIT2
;__Lib_Math.c,1645 :: 		
0x0088	0x90D8      	BCF         STATUS, 0, 0
;__Lib_Math.c,1647 :: 		
_LOOP:
;__Lib_Math.c,1656 :: 		
0x008A	0x320B      	RRCF        R11, 1, 0
;__Lib_Math.c,1657 :: 		
0x008C	0x320A      	RRCF        R10, 1, 0
;__Lib_Math.c,1658 :: 		
0x008E	0x3209      	RRCF        R9, 1, 0
;__Lib_Math.c,1659 :: 		
0x0090	0x3208      	RRCF        R8, 1, 0
;__Lib_Math.c,1660 :: 		
0x0092	0x3203      	RRCF        R3, 1, 0
;__Lib_Math.c,1661 :: 		
0x0094	0x3202      	RRCF        R2, 1, 0
;__Lib_Math.c,1662 :: 		
0x0096	0x3201      	RRCF        R1, 1, 0
;__Lib_Math.c,1663 :: 		
0x0098	0x3200      	RRCF        R0, 1, 0
;__Lib_Math.c,1668 :: 		
0x009A	0xA0D8      	BTFSS       STATUS, 0, 0
;__Lib_Math.c,1669 :: 		
0x009C	0xD7F2      	BRA         _NEXT
;__Lib_Math.c,1670 :: 		
0x009E	0x060C      	DECF        R12, 1, 0
;__Lib_Math.c,1671 :: 		
0x00A0	0xB4D8      	BTFSC       STATUS, 2, 0
;__Lib_Math.c,1672 :: 		
0x00A2	0xD009      	BRA         _EXIT1
;__Lib_Math.c,1679 :: 		
0x00A4	0x5004      	MOVF        R4, 0, 0
;__Lib_Math.c,1680 :: 		
0x00A6	0x2608      	ADDWF       R8, 1, 0
;__Lib_Math.c,1681 :: 		
0x00A8	0x5005      	MOVF        R5, 0, 0
;__Lib_Math.c,1684 :: 		
0x00AA	0x2209      	ADDWFC      R9, 1, 0
;__Lib_Math.c,1685 :: 		
0x00AC	0x5006      	MOVF        R6, 0, 0
;__Lib_Math.c,1688 :: 		
0x00AE	0x220A      	ADDWFC      R10, 1, 0
;__Lib_Math.c,1689 :: 		
0x00B0	0x5007      	MOVF        R7, 0, 0
;__Lib_Math.c,1692 :: 		
0x00B2	0x220B      	ADDWFC      R11, 1, 0
;__Lib_Math.c,1694 :: 		
0x00B4	0xD7EA      	BRA         _LOOP
;__Lib_Math.c,1696 :: 		
_EXIT1:
;__Lib_Math.c,1701 :: 		
0x00B6	0x5004      	MOVF        R4, 0, 0
;__Lib_Math.c,1702 :: 		
0x00B8	0x2608      	ADDWF       R8, 1, 0
;__Lib_Math.c,1703 :: 		
0x00BA	0x5005      	MOVF        R5, 0, 0
;__Lib_Math.c,1706 :: 		
0x00BC	0x2209      	ADDWFC      R9, 1, 0
;__Lib_Math.c,1707 :: 		
0x00BE	0x5006      	MOVF        R6, 0, 0
;__Lib_Math.c,1710 :: 		
0x00C0	0x220A      	ADDWFC      R10, 1, 0
;__Lib_Math.c,1711 :: 		
0x00C2	0x5007      	MOVF        R7, 0, 0
;__Lib_Math.c,1714 :: 		
0x00C4	0x220B      	ADDWFC      R11, 1, 0
;__Lib_Math.c,1717 :: 		
_EXIT2:
;__Lib_Math.c,1719 :: 		
L_end_Mul_32x32_U:
0x00C6	0x0012      	RETURN      0
; end of _Mul_32x32_U
_VDelay_ms:
;__Lib_Delays.c,123 :: 		void VDelay_ms(unsigned Time_ms){
;__Lib_Delays.c,126 :: 		NumberOfCyc = Clock_kHz()>>2;
0x00C8	0x0ED0      	MOVLW       208
0x00CA	0x6E1D      	MOVWF       VDelay_ms_NumberOfCyc_L0 
0x00CC	0x0E07      	MOVLW       7
0x00CE	0x6E1E      	MOVWF       VDelay_ms_NumberOfCyc_L0+1 
0x00D0	0x0E00      	MOVLW       0
0x00D2	0x6E1F      	MOVWF       VDelay_ms_NumberOfCyc_L0+2 
0x00D4	0x6E20      	MOVWF       VDelay_ms_NumberOfCyc_L0+3 
;__Lib_Delays.c,127 :: 		NumberOfCyc *= Time_ms;
0x00D6	0x0ED0      	MOVLW       208
0x00D8	0x6E00      	MOVWF       R0 
0x00DA	0x0E07      	MOVLW       7
0x00DC	0x6E01      	MOVWF       R1 
0x00DE	0x0E00      	MOVLW       0
0x00E0	0x6E02      	MOVWF       R2 
0x00E2	0x0E00      	MOVLW       0
0x00E4	0x6E03      	MOVWF       R3 
0x00E6	0xF004C01B  	MOVFF       FARG_VDelay_ms_Time_ms, R4
0x00EA	0xF005C01C  	MOVFF       FARG_VDelay_ms_Time_ms+1, R5
0x00EE	0x0E00      	MOVLW       0
0x00F0	0x6E06      	MOVWF       R6 
0x00F2	0x6E07      	MOVWF       R7 
0x00F4	0xDFC0      	RCALL       _Mul_32x32_U
0x00F6	0xF01DC000  	MOVFF       R0, VDelay_ms_NumberOfCyc_L0
0x00FA	0xF01EC001  	MOVFF       R1, VDelay_ms_NumberOfCyc_L0+1
0x00FE	0xF01FC002  	MOVFF       R2, VDelay_ms_NumberOfCyc_L0+2
0x0102	0xF020C003  	MOVFF       R3, VDelay_ms_NumberOfCyc_L0+3
;__Lib_Delays.c,128 :: 		if (NumberOfCyc < 660)
0x0106	0x0E00      	MOVLW       0
0x0108	0x5C03      	SUBWF       R3, 0 
0x010A	0xE108      	BNZ         L__VDelay_ms54
0x010C	0x0E00      	MOVLW       0
0x010E	0x5C02      	SUBWF       R2, 0 
0x0110	0xE105      	BNZ         L__VDelay_ms54
0x0112	0x0E02      	MOVLW       2
0x0114	0x5C01      	SUBWF       R1, 0 
0x0116	0xE102      	BNZ         L__VDelay_ms54
0x0118	0x0E94      	MOVLW       148
0x011A	0x5C00      	SUBWF       R0, 0 
L__VDelay_ms54:
0x011C	0xE201      	BC          L_VDelay_ms23
;__Lib_Delays.c,129 :: 		return;
0x011E	0xD031      	BRA         L_end_VDelay_ms
L_VDelay_ms23:
;__Lib_Delays.c,130 :: 		NumberOfCyc -= 660;
0x0120	0x0E94      	MOVLW       148
0x0122	0x5E1D      	SUBWF       VDelay_ms_NumberOfCyc_L0, 1 
0x0124	0x0E02      	MOVLW       2
0x0126	0x5A1E      	SUBWFB      VDelay_ms_NumberOfCyc_L0+1, 1 
0x0128	0x0E00      	MOVLW       0
0x012A	0x5A1F      	SUBWFB      VDelay_ms_NumberOfCyc_L0+2, 1 
0x012C	0x5A20      	SUBWFB      VDelay_ms_NumberOfCyc_L0+3, 1 
;__Lib_Delays.c,131 :: 		NumberOfCyc >>=  5;
0x012E	0x0E05      	MOVLW       5
0x0130	0x6E00      	MOVWF       R0 
0x0132	0x5000      	MOVF        R0, 0 
L__VDelay_ms55:
0x0134	0xE007      	BZ          L__VDelay_ms56
0x0136	0x3220      	RRCF        VDelay_ms_NumberOfCyc_L0+3, 1 
0x0138	0x321F      	RRCF        VDelay_ms_NumberOfCyc_L0+2, 1 
0x013A	0x321E      	RRCF        VDelay_ms_NumberOfCyc_L0+1, 1 
0x013C	0x321D      	RRCF        VDelay_ms_NumberOfCyc_L0, 1 
0x013E	0x9E20      	BCF         VDelay_ms_NumberOfCyc_L0+3, 7 
0x0140	0x0FFF      	ADDLW       255
0x0142	0xD7F8      	BRA         L__VDelay_ms55
L__VDelay_ms56:
;__Lib_Delays.c,133 :: 		while (NumberOfCyc--)
L_VDelay_ms24:
0x0144	0xF000C01D  	MOVFF       VDelay_ms_NumberOfCyc_L0, R0
0x0148	0xF001C01E  	MOVFF       VDelay_ms_NumberOfCyc_L0+1, R1
0x014C	0xF002C01F  	MOVFF       VDelay_ms_NumberOfCyc_L0+2, R2
0x0150	0xF003C020  	MOVFF       VDelay_ms_NumberOfCyc_L0+3, R3
0x0154	0x0E01      	MOVLW       1
0x0156	0x5E1D      	SUBWF       VDelay_ms_NumberOfCyc_L0, 1 
0x0158	0x0E00      	MOVLW       0
0x015A	0x5A1E      	SUBWFB      VDelay_ms_NumberOfCyc_L0+1, 1 
0x015C	0x5A1F      	SUBWFB      VDelay_ms_NumberOfCyc_L0+2, 1 
0x015E	0x5A20      	SUBWFB      VDelay_ms_NumberOfCyc_L0+3, 1 
0x0160	0x5000      	MOVF        R0, 0 
0x0162	0x1001      	IORWF       R1, 0 
0x0164	0x1002      	IORWF       R2, 0 
0x0166	0x1003      	IORWF       R3, 0 
0x0168	0xE00C      	BZ          L_VDelay_ms25
;__Lib_Delays.c,135 :: 		asm nop;
0x016A	0x0000      	NOP
;__Lib_Delays.c,136 :: 		asm nop;
0x016C	0x0000      	NOP
;__Lib_Delays.c,137 :: 		asm nop;
0x016E	0x0000      	NOP
;__Lib_Delays.c,138 :: 		asm nop;
0x0170	0x0000      	NOP
;__Lib_Delays.c,139 :: 		asm nop;
0x0172	0x0000      	NOP
;__Lib_Delays.c,140 :: 		asm nop;
0x0174	0x0000      	NOP
;__Lib_Delays.c,141 :: 		asm nop;
0x0176	0x0000      	NOP
;__Lib_Delays.c,142 :: 		asm nop;
0x0178	0x0000      	NOP
;__Lib_Delays.c,143 :: 		asm nop;
0x017A	0x0000      	NOP
;__Lib_Delays.c,144 :: 		asm nop;
0x017C	0x0000      	NOP
;__Lib_Delays.c,145 :: 		asm nop;
0x017E	0x0000      	NOP
;__Lib_Delays.c,146 :: 		}
0x0180	0xD7E1      	BRA         L_VDelay_ms24
L_VDelay_ms25:
;__Lib_Delays.c,147 :: 		}
L_end_VDelay_ms:
0x0182	0x0012      	RETURN      0
; end of _VDelay_ms
_decoAC:
;config.c,2 :: 		char decoAC(unsigned char valor){
;config.c,5 :: 		switch(valor){
0x0184	0xD01E      	BRA         L_decoAC0
;config.c,6 :: 		case 0: deco = 192; break;
L_decoAC2:
0x0186	0x0EC0      	MOVLW       192
0x0188	0x6E01      	MOVWF       R1 
0x018A	0xD039      	BRA         L_decoAC1
;config.c,7 :: 		case 1: deco = 249; break;
L_decoAC3:
0x018C	0x0EF9      	MOVLW       249
0x018E	0x6E01      	MOVWF       R1 
0x0190	0xD036      	BRA         L_decoAC1
;config.c,8 :: 		case 2: deco = 164; break;
L_decoAC4:
0x0192	0x0EA4      	MOVLW       164
0x0194	0x6E01      	MOVWF       R1 
0x0196	0xD033      	BRA         L_decoAC1
;config.c,9 :: 		case 3: deco = 176; break;
L_decoAC5:
0x0198	0x0EB0      	MOVLW       176
0x019A	0x6E01      	MOVWF       R1 
0x019C	0xD030      	BRA         L_decoAC1
;config.c,10 :: 		case 4: deco = 153; break;
L_decoAC6:
0x019E	0x0E99      	MOVLW       153
0x01A0	0x6E01      	MOVWF       R1 
0x01A2	0xD02D      	BRA         L_decoAC1
;config.c,11 :: 		case 5: deco = 146; break;
L_decoAC7:
0x01A4	0x0E92      	MOVLW       146
0x01A6	0x6E01      	MOVWF       R1 
0x01A8	0xD02A      	BRA         L_decoAC1
;config.c,12 :: 		case 6: deco = 130; break;
L_decoAC8:
0x01AA	0x0E82      	MOVLW       130
0x01AC	0x6E01      	MOVWF       R1 
0x01AE	0xD027      	BRA         L_decoAC1
;config.c,13 :: 		case 7: deco = 248; break;
L_decoAC9:
0x01B0	0x0EF8      	MOVLW       248
0x01B2	0x6E01      	MOVWF       R1 
0x01B4	0xD024      	BRA         L_decoAC1
;config.c,14 :: 		case 8: deco = 128; break;
L_decoAC10:
0x01B6	0x0E80      	MOVLW       128
0x01B8	0x6E01      	MOVWF       R1 
0x01BA	0xD021      	BRA         L_decoAC1
;config.c,15 :: 		case 9: deco = 152; break;
L_decoAC11:
0x01BC	0x0E98      	MOVLW       152
0x01BE	0x6E01      	MOVWF       R1 
0x01C0	0xD01E      	BRA         L_decoAC1
;config.c,16 :: 		}
L_decoAC0:
0x01C2	0x5021      	MOVF        FARG_decoAC_valor, 0 
0x01C4	0x0A00      	XORLW       0
0x01C6	0xE0DF      	BZ          L_decoAC2
0x01C8	0x5021      	MOVF        FARG_decoAC_valor, 0 
0x01CA	0x0A01      	XORLW       1
0x01CC	0xE0DF      	BZ          L_decoAC3
0x01CE	0x5021      	MOVF        FARG_decoAC_valor, 0 
0x01D0	0x0A02      	XORLW       2
0x01D2	0xE0DF      	BZ          L_decoAC4
0x01D4	0x5021      	MOVF        FARG_decoAC_valor, 0 
0x01D6	0x0A03      	XORLW       3
0x01D8	0xE0DF      	BZ          L_decoAC5
0x01DA	0x5021      	MOVF        FARG_decoAC_valor, 0 
0x01DC	0x0A04      	XORLW       4
0x01DE	0xE0DF      	BZ          L_decoAC6
0x01E0	0x5021      	MOVF        FARG_decoAC_valor, 0 
0x01E2	0x0A05      	XORLW       5
0x01E4	0xE0DF      	BZ          L_decoAC7
0x01E6	0x5021      	MOVF        FARG_decoAC_valor, 0 
0x01E8	0x0A06      	XORLW       6
0x01EA	0xE0DF      	BZ          L_decoAC8
0x01EC	0x5021      	MOVF        FARG_decoAC_valor, 0 
0x01EE	0x0A07      	XORLW       7
0x01F0	0xE0DF      	BZ          L_decoAC9
0x01F2	0x5021      	MOVF        FARG_decoAC_valor, 0 
0x01F4	0x0A08      	XORLW       8
0x01F6	0xE0DF      	BZ          L_decoAC10
0x01F8	0x5021      	MOVF        FARG_decoAC_valor, 0 
0x01FA	0x0A09      	XORLW       9
0x01FC	0xE0DF      	BZ          L_decoAC11
L_decoAC1:
;config.c,17 :: 		return deco;
0x01FE	0xF000C001  	MOVFF       R1, R0
;config.c,18 :: 		}
L_end_decoAC:
0x0202	0x0012      	RETURN      0
; end of _decoAC
___CC2DW:
;__Lib_System.c,21 :: 		
;__Lib_System.c,23 :: 		
_CC2DL_Loop1:
;__Lib_System.c,24 :: 		
0x0204	0x0009      	TBLRD*+
;__Lib_System.c,25 :: 		
0x0206	0xFFE6CFF5  	MOVFF       TABLAT, POSTINC1
;__Lib_System.c,26 :: 		
0x020A	0x0600      	DECF        R0, 1, 0
;__Lib_System.c,27 :: 		
0x020C	0xE1FB      	BNZ         _CC2DL_Loop1
;__Lib_System.c,28 :: 		
0x020E	0x0601      	DECF        R1, 1, 0
;__Lib_System.c,29 :: 		
0x0210	0xE1F9      	BNZ         _CC2DL_Loop1
;__Lib_System.c,31 :: 		
L_end___CC2DW:
0x0212	0x0012      	RETURN      0
; end of ___CC2DW
_secuencia:
;config.c,19 :: 		void secuencia(int te){
;config.c,21 :: 		LATD = 0b00000001;
0x0214	0x0E01      	MOVLW       1
0x0216	0x6E8C      	MOVWF       LATD 
;config.c,22 :: 		vdelay_ms(te);
0x0218	0xF01BC019  	MOVFF       FARG_secuencia_te, FARG_VDelay_ms_Time_ms
0x021C	0xF01CC01A  	MOVFF       FARG_secuencia_te+1, FARG_VDelay_ms_Time_ms+1
0x0220	0xDF53      	RCALL       _VDelay_ms
;config.c,23 :: 		LATD = 0b00000011;
0x0222	0x0E03      	MOVLW       3
0x0224	0x6E8C      	MOVWF       LATD 
;config.c,24 :: 		vdelay_ms(te);
0x0226	0xF01BC019  	MOVFF       FARG_secuencia_te, FARG_VDelay_ms_Time_ms
0x022A	0xF01CC01A  	MOVFF       FARG_secuencia_te+1, FARG_VDelay_ms_Time_ms+1
0x022E	0xDF4C      	RCALL       _VDelay_ms
;config.c,25 :: 		LATD = 0b00000111;
0x0230	0x0E07      	MOVLW       7
0x0232	0x6E8C      	MOVWF       LATD 
;config.c,26 :: 		vdelay_ms(te);
0x0234	0xF01BC019  	MOVFF       FARG_secuencia_te, FARG_VDelay_ms_Time_ms
0x0238	0xF01CC01A  	MOVFF       FARG_secuencia_te+1, FARG_VDelay_ms_Time_ms+1
0x023C	0xDF45      	RCALL       _VDelay_ms
;config.c,27 :: 		LATD = 0b00001111;
0x023E	0x0E0F      	MOVLW       15
0x0240	0x6E8C      	MOVWF       LATD 
;config.c,28 :: 		vdelay_ms(te);
0x0242	0xF01BC019  	MOVFF       FARG_secuencia_te, FARG_VDelay_ms_Time_ms
0x0246	0xF01CC01A  	MOVFF       FARG_secuencia_te+1, FARG_VDelay_ms_Time_ms+1
0x024A	0xDF3E      	RCALL       _VDelay_ms
;config.c,29 :: 		LATD = 0b00011111;
0x024C	0x0E1F      	MOVLW       31
0x024E	0x6E8C      	MOVWF       LATD 
;config.c,30 :: 		vdelay_ms(te);
0x0250	0xF01BC019  	MOVFF       FARG_secuencia_te, FARG_VDelay_ms_Time_ms
0x0254	0xF01CC01A  	MOVFF       FARG_secuencia_te+1, FARG_VDelay_ms_Time_ms+1
0x0258	0xDF37      	RCALL       _VDelay_ms
;config.c,31 :: 		LATD = 0b00111111;
0x025A	0x0E3F      	MOVLW       63
0x025C	0x6E8C      	MOVWF       LATD 
;config.c,32 :: 		vdelay_ms(te);
0x025E	0xF01BC019  	MOVFF       FARG_secuencia_te, FARG_VDelay_ms_Time_ms
0x0262	0xF01CC01A  	MOVFF       FARG_secuencia_te+1, FARG_VDelay_ms_Time_ms+1
0x0266	0xDF30      	RCALL       _VDelay_ms
;config.c,33 :: 		LATD = 0b01111111;
0x0268	0x0E7F      	MOVLW       127
0x026A	0x6E8C      	MOVWF       LATD 
;config.c,34 :: 		vdelay_ms(te);
0x026C	0xF01BC019  	MOVFF       FARG_secuencia_te, FARG_VDelay_ms_Time_ms
0x0270	0xF01CC01A  	MOVFF       FARG_secuencia_te+1, FARG_VDelay_ms_Time_ms+1
0x0274	0xDF29      	RCALL       _VDelay_ms
;config.c,35 :: 		LATD = 0b11111111;
0x0276	0x0EFF      	MOVLW       255
0x0278	0x6E8C      	MOVWF       LATD 
;config.c,36 :: 		vdelay_ms(te);
0x027A	0xF01BC019  	MOVFF       FARG_secuencia_te, FARG_VDelay_ms_Time_ms
0x027E	0xF01CC01A  	MOVFF       FARG_secuencia_te+1, FARG_VDelay_ms_Time_ms+1
0x0282	0xDF22      	RCALL       _VDelay_ms
;config.c,38 :: 		}
L_end_secuencia:
0x0284	0x0012      	RETURN      0
; end of _secuencia
_main:
0x0286	0x6A17      	CLRF        _i 
0x0288	0x6A18      	CLRF        24 
;INT_EXTERNAS.c,22 :: 		void main() {
;INT_EXTERNAS.c,24 :: 		OSCCON = 0b01110010;
0x028A	0x0E72      	MOVLW       114
0x028C	0x6ED3      	MOVWF       OSCCON 
;INT_EXTERNAS.c,25 :: 		ADCON1 = 15;
0x028E	0x0E0F      	MOVLW       15
0x0290	0x6EC1      	MOVWF       ADCON1 
;INT_EXTERNAS.c,26 :: 		TRISA  = 0x00;
0x0292	0x6A92      	CLRF        TRISA 
;INT_EXTERNAS.c,27 :: 		TRISD  = 0x00;
0x0294	0x6A95      	CLRF        TRISD 
;INT_EXTERNAS.c,28 :: 		TRISB0_bit = 1;
0x0296	0x8093      	BSF         TRISB0_bit, BitPos(TRISB0_bit+0) 
;INT_EXTERNAS.c,29 :: 		TRISB1_bit = 1;
0x0298	0x8293      	BSF         TRISB1_bit, BitPos(TRISB1_bit+0) 
;INT_EXTERNAS.c,30 :: 		LATA = 0x00;                           //ENCIENDE TODOS LOS SEGMENTOS DEL DISPLAY
0x029A	0x6A89      	CLRF        LATA 
;INT_EXTERNAS.c,31 :: 		LATD = 0xFF;                           //ENCIENDE TODOS LOS
0x029C	0x0EFF      	MOVLW       255
0x029E	0x6E8C      	MOVWF       LATD 
;INT_EXTERNAS.c,34 :: 		GIE_bit  = 1;                         //HABILITAMOS INTERRUPCIONES GLOBALES
0x02A0	0x8EF2      	BSF         GIE_bit, BitPos(GIE_bit+0) 
;INT_EXTERNAS.c,35 :: 		PEIE_bit = 1;                         //HABILITAMOS INTERRUPCIONE DE PERIFERICOS
0x02A2	0x8CF2      	BSF         PEIE_bit, BitPos(PEIE_bit+0) 
;INT_EXTERNAS.c,37 :: 		INT0IF_bit = 0;                       //BORRAMOS LAS BANDERAS DE LA INTERRUPCIÓN 0
0x02A4	0x92F2      	BCF         INT0IF_bit, BitPos(INT0IF_bit+0) 
;INT_EXTERNAS.c,38 :: 		INT1IF_bit = 0;                       //BORRAMOS LAS BANDERAS DE LA INTERRUPCIÓN 1
0x02A6	0x90F0      	BCF         INT1IF_bit, BitPos(INT1IF_bit+0) 
;INT_EXTERNAS.c,40 :: 		INT0IE_bit = 1;                       //HABILITAMOS INTERRUPCIÓN EXTERNA 0
0x02A8	0x88F2      	BSF         INT0IE_bit, BitPos(INT0IE_bit+0) 
;INT_EXTERNAS.c,41 :: 		INT1IE_bit = 1;                       //HABILITAMOS INTERRUPCIÓN EXTERNA 1
0x02AA	0x86F0      	BSF         INT1IE_bit, BitPos(INT1IE_bit+0) 
;INT_EXTERNAS.c,43 :: 		INTEDG0_bit = 1;                      //INTERRUPCIÓN0 POR FLANCOS DE SUBIDA
0x02AC	0x8CF1      	BSF         INTEDG0_bit, BitPos(INTEDG0_bit+0) 
;INT_EXTERNAS.c,44 :: 		INTEDG1_bit = 1;                      //INTERRUPCIÓN1 POR FLANCOS DE SUBIDA
0x02AE	0x8AF1      	BSF         INTEDG1_bit, BitPos(INTEDG1_bit+0) 
;INT_EXTERNAS.c,46 :: 		while (1){
L_main4:
;INT_EXTERNAS.c,48 :: 		secuencia(1000);
0x02B0	0x0EE8      	MOVLW       232
0x02B2	0x6E19      	MOVWF       FARG_secuencia_te 
0x02B4	0x0E03      	MOVLW       3
0x02B6	0x6E1A      	MOVWF       FARG_secuencia_te+1 
0x02B8	0xDFAD      	RCALL       _secuencia
;INT_EXTERNAS.c,50 :: 		}
0x02BA	0xD7FA      	BRA         L_main4
;INT_EXTERNAS.c,53 :: 		}
L_end_main:
0x02BC	0xD7FF      	BRA         $+0
; end of _main
Symbol List:
//** Routines locations **
//ADDRESS    SIZE    PROCEDURE
//----------------------------------------------
0x0008     [110]    _interrupt
0x0076      [82]    _Mul_32x32_U
0x00C8     [188]    _VDelay_ms
0x0184     [128]    _decoAC
0x0204      [16]    ___CC2DW
0x0214     [114]    _secuencia
0x0286      [56]    _main
//** Variables locations ** 
//ADDRESS    SIZE    VARIABLE
//----------------------------------------------
0x0000       [1]    R0
0x0001       [1]    R1
0x0001       [1]    decoAC_deco_L0
0x0002       [1]    R2
0x0003       [1]    R3
0x0004       [1]    R4
0x0005       [1]    R5
0x0006       [1]    R6
0x0007       [1]    R7
0x0008       [1]    R8
0x0009       [1]    R9
0x000A       [1]    R10
0x000B       [1]    R11
0x000C       [1]    R12
0x000D       [1]    R13
0x000E       [1]    R14
0x000F       [1]    R15
0x0010       [1]    R16
0x0011       [1]    R17
0x0012       [1]    R18
0x0013       [1]    R19
0x0014       [1]    R20
0x0017       [2]    _i
0x0019       [2]    FARG_secuencia_te
0x001B       [2]    FARG_VDelay_ms_Time_ms
0x001D       [4]    VDelay_ms_NumberOfCyc_L0
0x0021       [1]    FARG_decoAC_valor
0x0F89       [1]    LATA
0x0F8C       [1]    LATD
0x0F92       [1]    TRISA
0x0F93       [0]    TRISB1_bit
0x0F93       [0]    TRISB0_bit
0x0F95       [1]    TRISD
0x0FC1       [1]    ADCON1
0x0FD3       [1]    OSCCON
0x0FD8       [1]    STATUS
0x0FD9       [1]    FSR2L
0x0FDA       [1]    FSR2H
0x0FDE       [1]    POSTINC2
0x0FE0       [1]    BSR
0x0FE1       [1]    FSR1L
0x0FE2       [1]    FSR1H
0x0FE4       [1]    PREINC1
0x0FE6       [1]    POSTINC1
0x0FE7       [1]    INDF1
0x0FE8       [1]    WREG
0x0FE9       [1]    FSR0L
0x0FEA       [1]    FSR0H
0x0FEE       [1]    POSTINC0
0x0FF0       [0]    INT1IE_bit
0x0FF0       [0]    INT1IF_bit
0x0FF1       [0]    INTEDG1_bit
0x0FF1       [0]    INTEDG0_bit
0x0FF2       [0]    PEIE_bit
0x0FF2       [0]    INT0IF_bit
0x0FF2       [0]    GIE_bit
0x0FF2       [0]    INT0IE_bit
0x0FF3       [1]    PRODL
0x0FF4       [1]    PRODH
0x0FF5       [1]    TABLAT
0x0FF6       [1]    TBLPTRL
0x0FF7       [1]    TBLPTRH
0x0FF8       [1]    TBLPTRU
