;  LST file generated by mikroListExporter - v.2.0 
; Date/Time: 21/08/2024 12:41:38 a. m.
;----------------------------------------------

;Address Opcode 	ASM
0x0000	0xF001EF1D  	GOTO        570
_Interrupt:
;INTERRUPCIONE_RB.c,19 :: 		void Interrupt(){
0x0008	0xF016C000  	MOVFF       R0, 22
0x000C	0xF015C001  	MOVFF       R1, 21
;INTERRUPCIONE_RB.c,21 :: 		if (RBIF_bit == 1){                 //SE HA PRODUCIDO UN CAMBIO DE ESTADO?
0x0010	0xA0F2      	BTFSS       RBIF_bit, BitPos(RBIF_bit+0) 
0x0012	0xD01F      	BRA         L_Interrupt0
;INTERRUPCIONE_RB.c,24 :: 		LATB.F0 += 1;                    //DEJA EN 1 B0, ES DECIR ENCIENDE Y APAGA EL PUERTO RB0
0x0014	0x6A00      	CLRF        R0 
0x0016	0xB08A      	BTFSC       LATB, 0 
0x0018	0x2A00      	INCF        R0, 1 
0x001A	0x2A00      	INCF        R0, 1 
0x001C	0xB000      	BTFSC       R0, 0 
0x001E	0xD002      	BRA         L__Interrupt13
0x0020	0x908A      	BCF         LATB, 0 
0x0022	0xD001      	BRA         L__Interrupt14
L__Interrupt13:
0x0024	0x808A      	BSF         LATB, 0 
L__Interrupt14:
;INTERRUPCIONE_RB.c,25 :: 		valorB = PORTB&0xF0;             //TOMAMOS LOS 4 BITS MAS SIGNIFICATIVOS Y LIMPIAMOS LOS QUE NO
0x0026	0x0EF0      	MOVLW       240
0x0028	0x1481      	ANDWF       PORTB, 0 
0x002A	0x6E01      	MOVWF       R1 
0x002C	0xF06CC001  	MOVFF       R1, _valorB
;INTERRUPCIONE_RB.c,26 :: 		zona1 = (valorB&0b00010000)>>4;  //VALOR CON EL CUAL SE ACTIVARA
0x0030	0x0E00      	MOVLW       0
0x0032	0xB801      	BTFSC       R1, 4 
0x0034	0x0E01      	MOVLW       1
0x0036	0x6E4A      	MOVWF       _zona1 
;INTERRUPCIONE_RB.c,27 :: 		zona2 = (valorB&0b00100000)>>5;  //VALOR CON EL CUAL SE ACTIVARA
0x0038	0x0E00      	MOVLW       0
0x003A	0xBA01      	BTFSC       R1, 5 
0x003C	0x0E01      	MOVLW       1
0x003E	0x6E49      	MOVWF       _zona2 
;INTERRUPCIONE_RB.c,28 :: 		zona3 = (valorB&0b01000000)>>6;  //VALOR CON EL CUAL SE ACTIVARA
0x0040	0x0E00      	MOVLW       0
0x0042	0xBC01      	BTFSC       R1, 6 
0x0044	0x0E01      	MOVLW       1
0x0046	0x6E38      	MOVWF       _zona3 
;INTERRUPCIONE_RB.c,29 :: 		zona4 = (valorB&0b10000000)>>7;  //VALOR CON EL CUAL SE ACTIVARA
0x0048	0x0E00      	MOVLW       0
0x004A	0xBE01      	BTFSC       R1, 7 
0x004C	0x0E01      	MOVLW       1
0x004E	0x6E27      	MOVWF       _zona4 
;INTERRUPCIONE_RB.c,33 :: 		RBIF_bit = 0;                    //DEJAMOS EN CERO LA CONDICIÓN
0x0050	0x90F2      	BCF         RBIF_bit, BitPos(RBIF_bit+0) 
;INTERRUPCIONE_RB.c,34 :: 		}
L_Interrupt0:
;INTERRUPCIONE_RB.c,36 :: 		}
L_end_Interrupt:
L__Interrupt12:
0x0052	0xF000C016  	MOVFF       22, R0
0x0056	0xF001C015  	MOVFF       21, R1
0x005A	0x0011      	RETFIE      1
; end of _Interrupt
_Delay_1us:
;__Lib_Delays.c,7 :: 		void Delay_1us() {
;__Lib_Delays.c,8 :: 		Delay_us(1);
0x005C	0x0000      	NOP
0x005E	0x0000      	NOP
0x0060	0x0000      	NOP
0x0062	0x0000      	NOP
0x0064	0x0000      	NOP
;__Lib_Delays.c,9 :: 		}
L_end_Delay_1us:
0x0066	0x0012      	RETURN      0
; end of _Delay_1us
_Delay_5500us:
;__Lib_Delays.c,31 :: 		void Delay_5500us() {
;__Lib_Delays.c,32 :: 		Delay_us(5500);
0x0068	0x0E24      	MOVLW       36
0x006A	0x6E0C      	MOVWF       R12, 0
0x006C	0x0EB5      	MOVLW       181
0x006E	0x6E0D      	MOVWF       R13, 0
L_Delay_5500us5:
0x0070	0x2E0D      	DECFSZ      R13, 1, 0
0x0072	0xD7FE      	BRA         L_Delay_5500us5
0x0074	0x2E0C      	DECFSZ      R12, 1, 0
0x0076	0xD7FC      	BRA         L_Delay_5500us5
0x0078	0x0000      	NOP
0x007A	0x0000      	NOP
;__Lib_Delays.c,33 :: 		}
L_end_Delay_5500us:
0x007C	0x0012      	RETURN      0
; end of _Delay_5500us
_Delay_50us:
;__Lib_Delays.c,19 :: 		void Delay_50us() {
;__Lib_Delays.c,20 :: 		Delay_us(50);
0x007E	0x0E53      	MOVLW       83
0x0080	0x6E0D      	MOVWF       R13, 0
L_Delay_50us2:
0x0082	0x2E0D      	DECFSZ      R13, 1, 0
0x0084	0xD7FE      	BRA         L_Delay_50us2
;__Lib_Delays.c,21 :: 		}
L_end_Delay_50us:
0x0086	0x0012      	RETURN      0
; end of _Delay_50us
_Lcd_Cmd:
;__Lib_Lcd.c,18 :: 		
;__Lib_Lcd.c,20 :: 		
0x0088	0x0100      	MOVLB       0
0x008A	0xBF74      	BTFSC       FARG_Lcd_Cmd_out_char, 7, 1
0x008C	0xD002      	BRA         L__Lcd_Cmd21
0x008E	0x9E83      	BCF         LCD_D7, BitPos(LCD_D7+0) 
0x0090	0xD001      	BRA         L__Lcd_Cmd22
L__Lcd_Cmd21:
0x0092	0x8E83      	BSF         LCD_D7, BitPos(LCD_D7+0) 
L__Lcd_Cmd22:
;__Lib_Lcd.c,21 :: 		
0x0094	0xBD74      	BTFSC       FARG_Lcd_Cmd_out_char, 6, 1
0x0096	0xD002      	BRA         L__Lcd_Cmd23
0x0098	0x9C83      	BCF         LCD_D6, BitPos(LCD_D6+0) 
0x009A	0xD001      	BRA         L__Lcd_Cmd24
L__Lcd_Cmd23:
0x009C	0x8C83      	BSF         LCD_D6, BitPos(LCD_D6+0) 
L__Lcd_Cmd24:
;__Lib_Lcd.c,22 :: 		
0x009E	0xBB74      	BTFSC       FARG_Lcd_Cmd_out_char, 5, 1
0x00A0	0xD002      	BRA         L__Lcd_Cmd25
0x00A2	0x9A83      	BCF         LCD_D5, BitPos(LCD_D5+0) 
0x00A4	0xD001      	BRA         L__Lcd_Cmd26
L__Lcd_Cmd25:
0x00A6	0x8A83      	BSF         LCD_D5, BitPos(LCD_D5+0) 
L__Lcd_Cmd26:
;__Lib_Lcd.c,23 :: 		
0x00A8	0xB974      	BTFSC       FARG_Lcd_Cmd_out_char, 4, 1
0x00AA	0xD002      	BRA         L__Lcd_Cmd27
0x00AC	0x9883      	BCF         LCD_D4, BitPos(LCD_D4+0) 
0x00AE	0xD001      	BRA         L__Lcd_Cmd28
L__Lcd_Cmd27:
0x00B0	0x8883      	BSF         LCD_D4, BitPos(LCD_D4+0) 
L__Lcd_Cmd28:
;__Lib_Lcd.c,25 :: 		
0x00B2	0xB16D      	BTFSC       __Lib_Lcd_cmd_status, BitPos(__Lib_Lcd_cmd_status+0), 1
0x00B4	0xD002      	BRA         L__Lcd_Cmd29
0x00B6	0x8083      	BSF         LCD_RS, BitPos(LCD_RS+0) 
0x00B8	0xD001      	BRA         L__Lcd_Cmd30
L__Lcd_Cmd29:
0x00BA	0x9083      	BCF         LCD_RS, BitPos(LCD_RS+0) 
L__Lcd_Cmd30:
;__Lib_Lcd.c,28 :: 		
0x00BC	0x8283      	BSF         LCD_EN, BitPos(LCD_EN+0) 
;__Lib_Lcd.c,29 :: 		
0x00BE	0xDFCE      	RCALL       _Delay_1us
;__Lib_Lcd.c,30 :: 		
0x00C0	0x9283      	BCF         LCD_EN, BitPos(LCD_EN+0) 
;__Lib_Lcd.c,33 :: 		
0x00C2	0xB774      	BTFSC       FARG_Lcd_Cmd_out_char, 3, 1
0x00C4	0xD002      	BRA         L__Lcd_Cmd31
0x00C6	0x9E83      	BCF         LCD_D7, BitPos(LCD_D7+0) 
0x00C8	0xD001      	BRA         L__Lcd_Cmd32
L__Lcd_Cmd31:
0x00CA	0x8E83      	BSF         LCD_D7, BitPos(LCD_D7+0) 
L__Lcd_Cmd32:
;__Lib_Lcd.c,34 :: 		
0x00CC	0xB574      	BTFSC       FARG_Lcd_Cmd_out_char, 2, 1
0x00CE	0xD002      	BRA         L__Lcd_Cmd33
0x00D0	0x9C83      	BCF         LCD_D6, BitPos(LCD_D6+0) 
0x00D2	0xD001      	BRA         L__Lcd_Cmd34
L__Lcd_Cmd33:
0x00D4	0x8C83      	BSF         LCD_D6, BitPos(LCD_D6+0) 
L__Lcd_Cmd34:
;__Lib_Lcd.c,35 :: 		
0x00D6	0xB374      	BTFSC       FARG_Lcd_Cmd_out_char, 1, 1
0x00D8	0xD002      	BRA         L__Lcd_Cmd35
0x00DA	0x9A83      	BCF         LCD_D5, BitPos(LCD_D5+0) 
0x00DC	0xD001      	BRA         L__Lcd_Cmd36
L__Lcd_Cmd35:
0x00DE	0x8A83      	BSF         LCD_D5, BitPos(LCD_D5+0) 
L__Lcd_Cmd36:
;__Lib_Lcd.c,36 :: 		
0x00E0	0xB174      	BTFSC       FARG_Lcd_Cmd_out_char, 0, 1
0x00E2	0xD002      	BRA         L__Lcd_Cmd37
0x00E4	0x9883      	BCF         LCD_D4, BitPos(LCD_D4+0) 
0x00E6	0xD001      	BRA         L__Lcd_Cmd38
L__Lcd_Cmd37:
0x00E8	0x8883      	BSF         LCD_D4, BitPos(LCD_D4+0) 
L__Lcd_Cmd38:
;__Lib_Lcd.c,38 :: 		
0x00EA	0xB16D      	BTFSC       __Lib_Lcd_cmd_status, BitPos(__Lib_Lcd_cmd_status+0), 1
0x00EC	0xD002      	BRA         L__Lcd_Cmd39
0x00EE	0x8083      	BSF         LCD_RS, BitPos(LCD_RS+0) 
0x00F0	0xD001      	BRA         L__Lcd_Cmd40
L__Lcd_Cmd39:
0x00F2	0x9083      	BCF         LCD_RS, BitPos(LCD_RS+0) 
L__Lcd_Cmd40:
;__Lib_Lcd.c,40 :: 		
0x00F4	0x8283      	BSF         LCD_EN, BitPos(LCD_EN+0) 
;__Lib_Lcd.c,41 :: 		
0x00F6	0xDFB2      	RCALL       _Delay_1us
;__Lib_Lcd.c,42 :: 		
0x00F8	0x9283      	BCF         LCD_EN, BitPos(LCD_EN+0) 
;__Lib_Lcd.c,44 :: 		
0x00FA	0xA16D      	BTFSS       __Lib_Lcd_cmd_status, BitPos(__Lib_Lcd_cmd_status+0), 1
0x00FC	0xD002      	BRA         L_Lcd_Cmd0
;__Lib_Lcd.c,45 :: 		
0x00FE	0xDFB4      	RCALL       _Delay_5500us
0x0100	0xD001      	BRA         L_Lcd_Cmd1
L_Lcd_Cmd0:
;__Lib_Lcd.c,47 :: 		
0x0102	0xDFBD      	RCALL       _Delay_50us
L_Lcd_Cmd1:
;__Lib_Lcd.c,48 :: 		
L_end_Lcd_Cmd:
0x0104	0x0012      	RETURN      0
; end of _Lcd_Cmd
_Lcd_Chr_CP:
;__Lib_Lcd.c,50 :: 		
;__Lib_Lcd.c,52 :: 		
0x0106	0x0100      	MOVLB       0
0x0108	0x916D      	BCF         __Lib_Lcd_cmd_status, BitPos(__Lib_Lcd_cmd_status+0), 1
;__Lib_Lcd.c,53 :: 		
0x010A	0xF074C073  	MOVFF       FARG_Lcd_Chr_CP_out_char, FARG_Lcd_Cmd_out_char
0x010E	0xDFBC      	RCALL       _Lcd_Cmd
;__Lib_Lcd.c,54 :: 		
0x0110	0x816D      	BSF         __Lib_Lcd_cmd_status, BitPos(__Lib_Lcd_cmd_status+0), 1
;__Lib_Lcd.c,55 :: 		
L_end_Lcd_Chr_CP:
0x0112	0x0012      	RETURN      0
; end of _Lcd_Chr_CP
___CC2DW:
;__Lib_System.c,21 :: 		
;__Lib_System.c,23 :: 		
_CC2DL_Loop1:
;__Lib_System.c,24 :: 		
0x0114	0x0009      	TBLRD*+
;__Lib_System.c,25 :: 		
0x0116	0xFFE6CFF5  	MOVFF       TABLAT, POSTINC1
;__Lib_System.c,26 :: 		
0x011A	0x0600      	DECF        R0, 1, 0
;__Lib_System.c,27 :: 		
0x011C	0xE1FB      	BNZ         _CC2DL_Loop1
;__Lib_System.c,28 :: 		
0x011E	0x0601      	DECF        R1, 1, 0
;__Lib_System.c,29 :: 		
0x0120	0xE1F9      	BNZ         _CC2DL_Loop1
;__Lib_System.c,31 :: 		
L_end___CC2DW:
0x0122	0x0012      	RETURN      0
; end of ___CC2DW
_Lcd_Init:
;__Lib_Lcd.c,84 :: 		
;__Lib_Lcd.c,86 :: 		
0x0124	0x9295      	BCF         LCD_EN_Direction, BitPos(LCD_EN_Direction+0) 
;__Lib_Lcd.c,87 :: 		
0x0126	0x9095      	BCF         LCD_RS_Direction, BitPos(LCD_RS_Direction+0) 
;__Lib_Lcd.c,88 :: 		
0x0128	0x9895      	BCF         LCD_D4_Direction, BitPos(LCD_D4_Direction+0) 
;__Lib_Lcd.c,89 :: 		
0x012A	0x9A95      	BCF         LCD_D5_Direction, BitPos(LCD_D5_Direction+0) 
;__Lib_Lcd.c,90 :: 		
0x012C	0x9C95      	BCF         LCD_D6_Direction, BitPos(LCD_D6_Direction+0) 
;__Lib_Lcd.c,91 :: 		
0x012E	0x9E95      	BCF         LCD_D7_Direction, BitPos(LCD_D7_Direction+0) 
;__Lib_Lcd.c,93 :: 		
0x0130	0x9283      	BCF         LCD_EN, BitPos(LCD_EN+0) 
;__Lib_Lcd.c,94 :: 		
0x0132	0x9083      	BCF         LCD_RS, BitPos(LCD_RS+0) 
;__Lib_Lcd.c,95 :: 		
0x0134	0x9E83      	BCF         LCD_D7, BitPos(LCD_D7+0) 
;__Lib_Lcd.c,96 :: 		
0x0136	0x9C83      	BCF         LCD_D6, BitPos(LCD_D6+0) 
;__Lib_Lcd.c,97 :: 		
0x0138	0x9A83      	BCF         LCD_D5, BitPos(LCD_D5+0) 
;__Lib_Lcd.c,98 :: 		
0x013A	0x9883      	BCF         LCD_D4, BitPos(LCD_D4+0) 
;__Lib_Lcd.c,100 :: 		
0x013C	0xDF95      	RCALL       _Delay_5500us
;__Lib_Lcd.c,101 :: 		
0x013E	0xDF94      	RCALL       _Delay_5500us
;__Lib_Lcd.c,102 :: 		
0x0140	0xDF93      	RCALL       _Delay_5500us
;__Lib_Lcd.c,105 :: 		
0x0142	0x8A83      	BSF         LCD_D5, BitPos(LCD_D5+0) 
;__Lib_Lcd.c,106 :: 		
0x0144	0x8883      	BSF         LCD_D4, BitPos(LCD_D4+0) 
;__Lib_Lcd.c,107 :: 		
0x0146	0x8283      	BSF         LCD_EN, BitPos(LCD_EN+0) 
;__Lib_Lcd.c,108 :: 		
0x0148	0xDF89      	RCALL       _Delay_1us
;__Lib_Lcd.c,109 :: 		
0x014A	0x9283      	BCF         LCD_EN, BitPos(LCD_EN+0) 
;__Lib_Lcd.c,110 :: 		
0x014C	0xDF8D      	RCALL       _Delay_5500us
;__Lib_Lcd.c,112 :: 		
0x014E	0x8283      	BSF         LCD_EN, BitPos(LCD_EN+0) 
;__Lib_Lcd.c,113 :: 		
0x0150	0xDF85      	RCALL       _Delay_1us
;__Lib_Lcd.c,114 :: 		
0x0152	0x9283      	BCF         LCD_EN, BitPos(LCD_EN+0) 
;__Lib_Lcd.c,115 :: 		
0x0154	0xDF89      	RCALL       _Delay_5500us
;__Lib_Lcd.c,117 :: 		
0x0156	0x8283      	BSF         LCD_EN, BitPos(LCD_EN+0) 
;__Lib_Lcd.c,118 :: 		
0x0158	0xDF81      	RCALL       _Delay_1us
;__Lib_Lcd.c,119 :: 		
0x015A	0x9283      	BCF         LCD_EN, BitPos(LCD_EN+0) 
;__Lib_Lcd.c,120 :: 		
0x015C	0xDF85      	RCALL       _Delay_5500us
;__Lib_Lcd.c,123 :: 		
0x015E	0x9883      	BCF         LCD_D4, BitPos(LCD_D4+0) 
;__Lib_Lcd.c,124 :: 		
0x0160	0x8283      	BSF         LCD_EN, BitPos(LCD_EN+0) 
;__Lib_Lcd.c,125 :: 		
0x0162	0xDF7C      	RCALL       _Delay_1us
;__Lib_Lcd.c,126 :: 		
0x0164	0x9283      	BCF         LCD_EN, BitPos(LCD_EN+0) 
;__Lib_Lcd.c,127 :: 		
0x0166	0xDF80      	RCALL       _Delay_5500us
;__Lib_Lcd.c,130 :: 		
0x0168	0x8283      	BSF         LCD_EN, BitPos(LCD_EN+0) 
;__Lib_Lcd.c,131 :: 		
0x016A	0xDF78      	RCALL       _Delay_1us
;__Lib_Lcd.c,132 :: 		
0x016C	0x9283      	BCF         LCD_EN, BitPos(LCD_EN+0) 
;__Lib_Lcd.c,134 :: 		
0x016E	0x9A83      	BCF         LCD_D5, BitPos(LCD_D5+0) 
;__Lib_Lcd.c,135 :: 		
0x0170	0x8E83      	BSF         LCD_D7, BitPos(LCD_D7+0) 
;__Lib_Lcd.c,136 :: 		
0x0172	0x8283      	BSF         LCD_EN, BitPos(LCD_EN+0) 
;__Lib_Lcd.c,137 :: 		
0x0174	0xDF73      	RCALL       _Delay_1us
;__Lib_Lcd.c,138 :: 		
0x0176	0x9283      	BCF         LCD_EN, BitPos(LCD_EN+0) 
;__Lib_Lcd.c,139 :: 		
0x0178	0xDF77      	RCALL       _Delay_5500us
;__Lib_Lcd.c,142 :: 		
0x017A	0x9E83      	BCF         LCD_D7, BitPos(LCD_D7+0) 
;__Lib_Lcd.c,143 :: 		
0x017C	0x8883      	BSF         LCD_D4, BitPos(LCD_D4+0) 
;__Lib_Lcd.c,144 :: 		
0x017E	0x8283      	BSF         LCD_EN, BitPos(LCD_EN+0) 
;__Lib_Lcd.c,145 :: 		
0x0180	0xDF6D      	RCALL       _Delay_1us
;__Lib_Lcd.c,146 :: 		
0x0182	0x9283      	BCF         LCD_EN, BitPos(LCD_EN+0) 
;__Lib_Lcd.c,148 :: 		
0x0184	0x9883      	BCF         LCD_D4, BitPos(LCD_D4+0) 
;__Lib_Lcd.c,149 :: 		
0x0186	0x8283      	BSF         LCD_EN, BitPos(LCD_EN+0) 
;__Lib_Lcd.c,150 :: 		
0x0188	0xDF69      	RCALL       _Delay_1us
;__Lib_Lcd.c,151 :: 		
0x018A	0x9283      	BCF         LCD_EN, BitPos(LCD_EN+0) 
;__Lib_Lcd.c,152 :: 		
0x018C	0xDF6D      	RCALL       _Delay_5500us
;__Lib_Lcd.c,155 :: 		
0x018E	0x8283      	BSF         LCD_EN, BitPos(LCD_EN+0) 
;__Lib_Lcd.c,156 :: 		
0x0190	0xDF65      	RCALL       _Delay_1us
;__Lib_Lcd.c,157 :: 		
0x0192	0x9283      	BCF         LCD_EN, BitPos(LCD_EN+0) 
;__Lib_Lcd.c,159 :: 		
0x0194	0x8883      	BSF         LCD_D4, BitPos(LCD_D4+0) 
;__Lib_Lcd.c,160 :: 		
0x0196	0x8283      	BSF         LCD_EN, BitPos(LCD_EN+0) 
;__Lib_Lcd.c,161 :: 		
0x0198	0xDF61      	RCALL       _Delay_1us
;__Lib_Lcd.c,162 :: 		
0x019A	0x9283      	BCF         LCD_EN, BitPos(LCD_EN+0) 
;__Lib_Lcd.c,163 :: 		
0x019C	0xDF65      	RCALL       _Delay_5500us
;__Lib_Lcd.c,166 :: 		
0x019E	0x9883      	BCF         LCD_D4, BitPos(LCD_D4+0) 
;__Lib_Lcd.c,167 :: 		
0x01A0	0x8283      	BSF         LCD_EN, BitPos(LCD_EN+0) 
;__Lib_Lcd.c,168 :: 		
0x01A2	0xDF5C      	RCALL       _Delay_1us
;__Lib_Lcd.c,169 :: 		
0x01A4	0x9283      	BCF         LCD_EN, BitPos(LCD_EN+0) 
;__Lib_Lcd.c,171 :: 		
0x01A6	0x8E83      	BSF         LCD_D7, BitPos(LCD_D7+0) 
;__Lib_Lcd.c,172 :: 		
0x01A8	0x8C83      	BSF         LCD_D6, BitPos(LCD_D6+0) 
;__Lib_Lcd.c,173 :: 		
0x01AA	0x8A83      	BSF         LCD_D5, BitPos(LCD_D5+0) 
;__Lib_Lcd.c,174 :: 		
0x01AC	0x8883      	BSF         LCD_D4, BitPos(LCD_D4+0) 
;__Lib_Lcd.c,175 :: 		
0x01AE	0x8283      	BSF         LCD_EN, BitPos(LCD_EN+0) 
;__Lib_Lcd.c,176 :: 		
0x01B0	0xDF55      	RCALL       _Delay_1us
;__Lib_Lcd.c,177 :: 		
0x01B2	0x9283      	BCF         LCD_EN, BitPos(LCD_EN+0) 
;__Lib_Lcd.c,179 :: 		
0x01B4	0xDF59      	RCALL       _Delay_5500us
;__Lib_Lcd.c,181 :: 		
0x01B6	0x0100      	MOVLB       0
0x01B8	0x816D      	BSF         __Lib_Lcd_cmd_status, BitPos(__Lib_Lcd_cmd_status+0), 1
;__Lib_Lcd.c,182 :: 		
L_end_Lcd_Init:
0x01BA	0x0012      	RETURN      0
; end of _Lcd_Init
_Lcd_Out:
;__Lib_Lcd.c,184 :: 		
;__Lib_Lcd.c,187 :: 		
0x01BC	0xD010      	BRA         L_Lcd_Out11
;__Lib_Lcd.c,188 :: 		
L_Lcd_Out13:
0x01BE	0x0E80      	MOVLW       128
0x01C0	0x0100      	MOVLB       0
0x01C2	0x6F6E      	MOVWF       FARG_Lcd_Out_row, 1
0x01C4	0xD01A      	BRA         L_Lcd_Out12
;__Lib_Lcd.c,189 :: 		
L_Lcd_Out14:
0x01C6	0x0EC0      	MOVLW       192
0x01C8	0x6F6E      	MOVWF       FARG_Lcd_Out_row, 1
0x01CA	0xD017      	BRA         L_Lcd_Out12
;__Lib_Lcd.c,190 :: 		
L_Lcd_Out15:
0x01CC	0x0E94      	MOVLW       148
0x01CE	0x6F6E      	MOVWF       FARG_Lcd_Out_row, 1
0x01D0	0xD014      	BRA         L_Lcd_Out12
;__Lib_Lcd.c,191 :: 		
L_Lcd_Out16:
0x01D2	0x0ED4      	MOVLW       212
0x01D4	0x6F6E      	MOVWF       FARG_Lcd_Out_row, 1
0x01D6	0xD011      	BRA         L_Lcd_Out12
;__Lib_Lcd.c,192 :: 		
L_Lcd_Out17:
0x01D8	0x0E80      	MOVLW       128
0x01DA	0x6F6E      	MOVWF       FARG_Lcd_Out_row, 1
;__Lib_Lcd.c,193 :: 		
0x01DC	0xD00E      	BRA         L_Lcd_Out12
L_Lcd_Out11:
0x01DE	0x0100      	MOVLB       0
0x01E0	0x516E      	MOVF        FARG_Lcd_Out_row, 0, 1
0x01E2	0x0A01      	XORLW       1
0x01E4	0xE0EC      	BZ          L_Lcd_Out13
0x01E6	0x516E      	MOVF        FARG_Lcd_Out_row, 0, 1
0x01E8	0x0A02      	XORLW       2
0x01EA	0xE0ED      	BZ          L_Lcd_Out14
0x01EC	0x516E      	MOVF        FARG_Lcd_Out_row, 0, 1
0x01EE	0x0A03      	XORLW       3
0x01F0	0xE0ED      	BZ          L_Lcd_Out15
0x01F2	0x516E      	MOVF        FARG_Lcd_Out_row, 0, 1
0x01F4	0x0A04      	XORLW       4
0x01F6	0xE0ED      	BZ          L_Lcd_Out16
0x01F8	0xD7EF      	BRA         L_Lcd_Out17
L_Lcd_Out12:
;__Lib_Lcd.c,194 :: 		
0x01FA	0x056F      	DECF        FARG_Lcd_Out_column, 0, 1
0x01FC	0x6E00      	MOVWF       R0 
0x01FE	0x516E      	MOVF        FARG_Lcd_Out_row, 0, 1
0x0200	0x2600      	ADDWF       R0, 1 
0x0202	0xF06EC000  	MOVFF       R0, FARG_Lcd_Out_row
;__Lib_Lcd.c,196 :: 		
0x0206	0xF074C000  	MOVFF       R0, FARG_Lcd_Cmd_out_char
0x020A	0xDF3E      	RCALL       _Lcd_Cmd
;__Lib_Lcd.c,197 :: 		
0x020C	0x916D      	BCF         __Lib_Lcd_cmd_status, BitPos(__Lib_Lcd_cmd_status+0), 1
;__Lib_Lcd.c,198 :: 		
0x020E	0x6B72      	CLRF        Lcd_Out_i_L0, 1
;__Lib_Lcd.c,199 :: 		
L_Lcd_Out18:
0x0210	0x5172      	MOVF        Lcd_Out_i_L0, 0, 1
0x0212	0x2570      	ADDWF       FARG_Lcd_Out_text, 0, 1
0x0214	0x6EE9      	MOVWF       FSR0L 
0x0216	0x0E00      	MOVLW       0
0x0218	0x2171      	ADDWFC      FARG_Lcd_Out_text+1, 0, 1
0x021A	0x6EEA      	MOVWF       FSR0L+1 
0x021C	0x52EE      	MOVF        POSTINC0, 1 
0x021E	0xE00B      	BZ          L_Lcd_Out19
;__Lib_Lcd.c,200 :: 		
0x0220	0x5172      	MOVF        Lcd_Out_i_L0, 0, 1
0x0222	0x2570      	ADDWF       FARG_Lcd_Out_text, 0, 1
0x0224	0x6EE9      	MOVWF       FSR0L 
0x0226	0x0E00      	MOVLW       0
0x0228	0x2171      	ADDWFC      FARG_Lcd_Out_text+1, 0, 1
0x022A	0x6EEA      	MOVWF       FSR0L+1 
0x022C	0xF073CFEE  	MOVFF       POSTINC0, FARG_Lcd_Chr_CP_out_char
0x0230	0xDF6A      	RCALL       _Lcd_Chr_CP
0x0232	0x2B72      	INCF        Lcd_Out_i_L0, 1, 1
0x0234	0xD7ED      	BRA         L_Lcd_Out18
L_Lcd_Out19:
;__Lib_Lcd.c,201 :: 		
0x0236	0x816D      	BSF         __Lib_Lcd_cmd_status, BitPos(__Lib_Lcd_cmd_status+0), 1
;__Lib_Lcd.c,202 :: 		
L_end_Lcd_Out:
0x0238	0x0012      	RETURN      0
; end of _Lcd_Out
_main:
0x023A	0xF001ECBC  	CALL        888, 0
;INTERRUPCIONE_RB.c,38 :: 		void main() {
;INTERRUPCIONE_RB.c,40 :: 		ADCON1 = 15;                        //TODOS LOS PINES SON DIGITALES
0x023E	0x0E0F      	MOVLW       15
0x0240	0x6EC1      	MOVWF       ADCON1 
;INTERRUPCIONE_RB.c,41 :: 		TRISB =  0xF0;                      //PRIMEROS 4 ENTRADAS Y ULTIMOS 4 SALIDAS
0x0242	0x0EF0      	MOVLW       240
0x0244	0x6E93      	MOVWF       TRISB 
;INTERRUPCIONE_RB.c,43 :: 		valorB = PORTB&0xF0;                //ASIGNO EL VALOR DEL PUERTOB A LA VARIABLE PARA COMPARAR
0x0246	0x0EF0      	MOVLW       240
0x0248	0x1481      	ANDWF       PORTB, 0 
0x024A	0x0100      	MOVLB       0
0x024C	0x6F6C      	MOVWF       _valorB, 1
;INTERRUPCIONE_RB.c,45 :: 		GIE_bit  = 1;                       //HABILITAMOS INTERRUPCIONES GLOBALES
0x024E	0x8EF2      	BSF         GIE_bit, BitPos(GIE_bit+0) 
;INTERRUPCIONE_RB.c,46 :: 		RBIF_bit = 0;                       //BORRAMOS BANDERA DE INTERRUPCIÓN POR RB
0x0250	0x90F2      	BCF         RBIF_bit, BitPos(RBIF_bit+0) 
;INTERRUPCIONE_RB.c,47 :: 		RBIE_bit = 1;                       //HABILITAMOS INTERRUPCION POR RB
0x0252	0x86F2      	BSF         RBIE_bit, BitPos(RBIE_bit+0) 
;INTERRUPCIONE_RB.c,49 :: 		LCD_init();
0x0254	0xDF67      	RCALL       _Lcd_Init
;INTERRUPCIONE_RB.c,50 :: 		LCD_Cmd(12);
0x0256	0x0E0C      	MOVLW       12
0x0258	0x6F74      	MOVWF       FARG_Lcd_Cmd_out_char, 1
0x025A	0xDF16      	RCALL       _Lcd_Cmd
;INTERRUPCIONE_RB.c,51 :: 		LCD_Out(1,1, " SIST. SEGURIDAD");
0x025C	0x0E01      	MOVLW       1
0x025E	0x6F6E      	MOVWF       FARG_Lcd_Out_row, 1
0x0260	0x0E01      	MOVLW       1
0x0262	0x6F6F      	MOVWF       FARG_Lcd_Out_column, 1
0x0264	0x0E5B      	MOVLW       ?lstr1_INTERRUPCIONE_RB
0x0266	0x6F70      	MOVWF       FARG_Lcd_Out_text, 1
0x0268	0x0E00      	MOVLW       hi_addr(?lstr1_INTERRUPCIONE_RB)
0x026A	0x6F71      	MOVWF       FARG_Lcd_Out_text+1, 1
0x026C	0xDFA7      	RCALL       _Lcd_Out
;INTERRUPCIONE_RB.c,53 :: 		while(1){
L_main1:
;INTERRUPCIONE_RB.c,54 :: 		if(zona1 ==1)
0x026E	0x504A      	MOVF        _zona1, 0 
0x0270	0x0A01      	XORLW       1
0x0272	0xE10A      	BNZ         L_main3
;INTERRUPCIONE_RB.c,55 :: 		LCD_Out(2,1, "Z1:  ON");
0x0274	0x0E02      	MOVLW       2
0x0276	0x6F6E      	MOVWF       FARG_Lcd_Out_row, 1
0x0278	0x0E01      	MOVLW       1
0x027A	0x6F6F      	MOVWF       FARG_Lcd_Out_column, 1
0x027C	0x0E39      	MOVLW       ?lstr2_INTERRUPCIONE_RB
0x027E	0x6F70      	MOVWF       FARG_Lcd_Out_text, 1
0x0280	0x0E00      	MOVLW       hi_addr(?lstr2_INTERRUPCIONE_RB)
0x0282	0x6F71      	MOVWF       FARG_Lcd_Out_text+1, 1
0x0284	0xDF9B      	RCALL       _Lcd_Out
0x0286	0xD009      	BRA         L_main4
L_main3:
;INTERRUPCIONE_RB.c,57 :: 		LCD_Out(2,1, "Z1: OFF"); //DEBE QUEDARNOS ALINEADO, ES DECIR DEL MISMO TAMAÑO
0x0288	0x0E02      	MOVLW       2
0x028A	0x6F6E      	MOVWF       FARG_Lcd_Out_row, 1
0x028C	0x0E01      	MOVLW       1
0x028E	0x6F6F      	MOVWF       FARG_Lcd_Out_column, 1
0x0290	0x0E41      	MOVLW       ?lstr3_INTERRUPCIONE_RB
0x0292	0x6F70      	MOVWF       FARG_Lcd_Out_text, 1
0x0294	0x0E00      	MOVLW       hi_addr(?lstr3_INTERRUPCIONE_RB)
0x0296	0x6F71      	MOVWF       FARG_Lcd_Out_text+1, 1
0x0298	0xDF91      	RCALL       _Lcd_Out
L_main4:
;INTERRUPCIONE_RB.c,59 :: 		if(zona2 ==1)
0x029A	0x5049      	MOVF        _zona2, 0 
0x029C	0x0A01      	XORLW       1
0x029E	0xE10A      	BNZ         L_main5
;INTERRUPCIONE_RB.c,60 :: 		LCD_Out(2,9, "Z2:  ON");
0x02A0	0x0E02      	MOVLW       2
0x02A2	0x6F6E      	MOVWF       FARG_Lcd_Out_row, 1
0x02A4	0x0E09      	MOVLW       9
0x02A6	0x6F6F      	MOVWF       FARG_Lcd_Out_column, 1
0x02A8	0x0E53      	MOVLW       ?lstr4_INTERRUPCIONE_RB
0x02AA	0x6F70      	MOVWF       FARG_Lcd_Out_text, 1
0x02AC	0x0E00      	MOVLW       hi_addr(?lstr4_INTERRUPCIONE_RB)
0x02AE	0x6F71      	MOVWF       FARG_Lcd_Out_text+1, 1
0x02B0	0xDF85      	RCALL       _Lcd_Out
0x02B2	0xD009      	BRA         L_main6
L_main5:
;INTERRUPCIONE_RB.c,62 :: 		LCD_Out(2,9, "Z2: OFF"); //DEBE QUEDARNOS ALINEADO, ES DECIR DEL MISMO TAMAÑO
0x02B4	0x0E02      	MOVLW       2
0x02B6	0x6F6E      	MOVWF       FARG_Lcd_Out_row, 1
0x02B8	0x0E09      	MOVLW       9
0x02BA	0x6F6F      	MOVWF       FARG_Lcd_Out_column, 1
0x02BC	0x0E4B      	MOVLW       ?lstr5_INTERRUPCIONE_RB
0x02BE	0x6F70      	MOVWF       FARG_Lcd_Out_text, 1
0x02C0	0x0E00      	MOVLW       hi_addr(?lstr5_INTERRUPCIONE_RB)
0x02C2	0x6F71      	MOVWF       FARG_Lcd_Out_text+1, 1
0x02C4	0xDF7B      	RCALL       _Lcd_Out
L_main6:
;INTERRUPCIONE_RB.c,64 :: 		if(zona3 ==1)
0x02C6	0x5038      	MOVF        _zona3, 0 
0x02C8	0x0A01      	XORLW       1
0x02CA	0xE10A      	BNZ         L_main7
;INTERRUPCIONE_RB.c,65 :: 		LCD_Out(3,1, "Z3:  ON");
0x02CC	0x0E03      	MOVLW       3
0x02CE	0x6F6E      	MOVWF       FARG_Lcd_Out_row, 1
0x02D0	0x0E01      	MOVLW       1
0x02D2	0x6F6F      	MOVWF       FARG_Lcd_Out_column, 1
0x02D4	0x0E1F      	MOVLW       ?lstr6_INTERRUPCIONE_RB
0x02D6	0x6F70      	MOVWF       FARG_Lcd_Out_text, 1
0x02D8	0x0E00      	MOVLW       hi_addr(?lstr6_INTERRUPCIONE_RB)
0x02DA	0x6F71      	MOVWF       FARG_Lcd_Out_text+1, 1
0x02DC	0xDF6F      	RCALL       _Lcd_Out
0x02DE	0xD009      	BRA         L_main8
L_main7:
;INTERRUPCIONE_RB.c,67 :: 		LCD_Out(3,1, "Z3: OFF"); //DEBE QUEDARNOS ALINEADO, ES DECIR DEL MISMO TAMAÑO
0x02E0	0x0E03      	MOVLW       3
0x02E2	0x6F6E      	MOVWF       FARG_Lcd_Out_row, 1
0x02E4	0x0E01      	MOVLW       1
0x02E6	0x6F6F      	MOVWF       FARG_Lcd_Out_column, 1
0x02E8	0x0E17      	MOVLW       ?lstr7_INTERRUPCIONE_RB
0x02EA	0x6F70      	MOVWF       FARG_Lcd_Out_text, 1
0x02EC	0x0E00      	MOVLW       hi_addr(?lstr7_INTERRUPCIONE_RB)
0x02EE	0x6F71      	MOVWF       FARG_Lcd_Out_text+1, 1
0x02F0	0xDF65      	RCALL       _Lcd_Out
L_main8:
;INTERRUPCIONE_RB.c,69 :: 		if(zona4 ==1)
0x02F2	0x5027      	MOVF        _zona4, 0 
0x02F4	0x0A01      	XORLW       1
0x02F6	0xE10A      	BNZ         L_main9
;INTERRUPCIONE_RB.c,70 :: 		LCD_Out(3,9, "Z4:  ON");
0x02F8	0x0E03      	MOVLW       3
0x02FA	0x6F6E      	MOVWF       FARG_Lcd_Out_row, 1
0x02FC	0x0E09      	MOVLW       9
0x02FE	0x6F6F      	MOVWF       FARG_Lcd_Out_column, 1
0x0300	0x0E30      	MOVLW       ?lstr8_INTERRUPCIONE_RB
0x0302	0x6F70      	MOVWF       FARG_Lcd_Out_text, 1
0x0304	0x0E00      	MOVLW       hi_addr(?lstr8_INTERRUPCIONE_RB)
0x0306	0x6F71      	MOVWF       FARG_Lcd_Out_text+1, 1
0x0308	0xDF59      	RCALL       _Lcd_Out
0x030A	0xD009      	BRA         L_main10
L_main9:
;INTERRUPCIONE_RB.c,72 :: 		LCD_Out(3,9, "Z4: OFF");
0x030C	0x0E03      	MOVLW       3
0x030E	0x6F6E      	MOVWF       FARG_Lcd_Out_row, 1
0x0310	0x0E09      	MOVLW       9
0x0312	0x6F6F      	MOVWF       FARG_Lcd_Out_column, 1
0x0314	0x0E28      	MOVLW       ?lstr9_INTERRUPCIONE_RB
0x0316	0x6F70      	MOVWF       FARG_Lcd_Out_text, 1
0x0318	0x0E00      	MOVLW       hi_addr(?lstr9_INTERRUPCIONE_RB)
0x031A	0x6F71      	MOVWF       FARG_Lcd_Out_text+1, 1
0x031C	0xDF4F      	RCALL       _Lcd_Out
L_main10:
;INTERRUPCIONE_RB.c,73 :: 		}
0x031E	0xD7A7      	BRA         L_main1
;INTERRUPCIONE_RB.c,75 :: 		}
L_end_main:
0x0320	0xD7FF      	BRA         $+0
; end of _main
0x0378	0xF017EE10  	LFSR        1, 23
0x037C	0x0E55      	MOVLW       85
0x037E	0x6E00      	MOVWF       R0 
0x0380	0x0E01      	MOVLW       1
0x0382	0x6E01      	MOVWF       R1 
0x0384	0x0E22      	MOVLW       34
0x0386	0x6EF6      	MOVWF       4086 
0x0388	0x0E03      	MOVLW       3
0x038A	0x6EF7      	MOVWF       TBLPTRH 
0x038C	0x0E00      	MOVLW       0
0x038E	0x6EF8      	MOVWF       TBLPTRU 
0x0390	0xF000EC8A  	CALL        276, 0
0x0394	0x0012      	RETURN      0
;INTERRUPCIONE_RB.c,0 :: ?ICS?lstr7_INTERRUPCIONE_RB
0x0322	0x335A ;?ICS?lstr7_INTERRUPCIONE_RB+0
0x0324	0x203A ;?ICS?lstr7_INTERRUPCIONE_RB+2
0x0326	0x464F ;?ICS?lstr7_INTERRUPCIONE_RB+4
0x0328	0x0046 ;?ICS?lstr7_INTERRUPCIONE_RB+6
; end of ?ICS?lstr7_INTERRUPCIONE_RB
;INTERRUPCIONE_RB.c,0 :: ?ICS?lstr6_INTERRUPCIONE_RB
0x032A	0x335A ;?ICS?lstr6_INTERRUPCIONE_RB+0
0x032C	0x203A ;?ICS?lstr6_INTERRUPCIONE_RB+2
0x032E	0x4F20 ;?ICS?lstr6_INTERRUPCIONE_RB+4
0x0330	0x004E ;?ICS?lstr6_INTERRUPCIONE_RB+6
; end of ?ICS?lstr6_INTERRUPCIONE_RB
;INTERRUPCIONE_RB.c,0 :: ?ICS_zona4
0x0332	0x00 ;?ICS_zona4+0
; end of ?ICS_zona4
;INTERRUPCIONE_RB.c,0 :: ?ICS?lstr9_INTERRUPCIONE_RB
0x0333	0x345A ;?ICS?lstr9_INTERRUPCIONE_RB+0
0x0335	0x203A ;?ICS?lstr9_INTERRUPCIONE_RB+2
0x0337	0x464F ;?ICS?lstr9_INTERRUPCIONE_RB+4
0x0339	0x0046 ;?ICS?lstr9_INTERRUPCIONE_RB+6
; end of ?ICS?lstr9_INTERRUPCIONE_RB
;INTERRUPCIONE_RB.c,0 :: ?ICS?lstr8_INTERRUPCIONE_RB
0x033B	0x345A ;?ICS?lstr8_INTERRUPCIONE_RB+0
0x033D	0x203A ;?ICS?lstr8_INTERRUPCIONE_RB+2
0x033F	0x4F20 ;?ICS?lstr8_INTERRUPCIONE_RB+4
0x0341	0x004E ;?ICS?lstr8_INTERRUPCIONE_RB+6
; end of ?ICS?lstr8_INTERRUPCIONE_RB
;INTERRUPCIONE_RB.c,0 :: ?ICS_zona3
0x0343	0x00 ;?ICS_zona3+0
; end of ?ICS_zona3
;INTERRUPCIONE_RB.c,0 :: ?ICS?lstr2_INTERRUPCIONE_RB
0x0344	0x315A ;?ICS?lstr2_INTERRUPCIONE_RB+0
0x0346	0x203A ;?ICS?lstr2_INTERRUPCIONE_RB+2
0x0348	0x4F20 ;?ICS?lstr2_INTERRUPCIONE_RB+4
0x034A	0x004E ;?ICS?lstr2_INTERRUPCIONE_RB+6
; end of ?ICS?lstr2_INTERRUPCIONE_RB
;INTERRUPCIONE_RB.c,0 :: ?ICS?lstr3_INTERRUPCIONE_RB
0x034C	0x315A ;?ICS?lstr3_INTERRUPCIONE_RB+0
0x034E	0x203A ;?ICS?lstr3_INTERRUPCIONE_RB+2
0x0350	0x464F ;?ICS?lstr3_INTERRUPCIONE_RB+4
0x0352	0x0046 ;?ICS?lstr3_INTERRUPCIONE_RB+6
; end of ?ICS?lstr3_INTERRUPCIONE_RB
;INTERRUPCIONE_RB.c,0 :: ?ICS_zona2
0x0354	0x00 ;?ICS_zona2+0
; end of ?ICS_zona2
;INTERRUPCIONE_RB.c,0 :: ?ICS_zona1
0x0355	0x00 ;?ICS_zona1+0
; end of ?ICS_zona1
;INTERRUPCIONE_RB.c,0 :: ?ICS?lstr5_INTERRUPCIONE_RB
0x0356	0x325A ;?ICS?lstr5_INTERRUPCIONE_RB+0
0x0358	0x203A ;?ICS?lstr5_INTERRUPCIONE_RB+2
0x035A	0x464F ;?ICS?lstr5_INTERRUPCIONE_RB+4
0x035C	0x0046 ;?ICS?lstr5_INTERRUPCIONE_RB+6
; end of ?ICS?lstr5_INTERRUPCIONE_RB
;INTERRUPCIONE_RB.c,0 :: ?ICS?lstr4_INTERRUPCIONE_RB
0x035E	0x325A ;?ICS?lstr4_INTERRUPCIONE_RB+0
0x0360	0x203A ;?ICS?lstr4_INTERRUPCIONE_RB+2
0x0362	0x4F20 ;?ICS?lstr4_INTERRUPCIONE_RB+4
0x0364	0x004E ;?ICS?lstr4_INTERRUPCIONE_RB+6
; end of ?ICS?lstr4_INTERRUPCIONE_RB
;INTERRUPCIONE_RB.c,0 :: ?ICS?lstr1_INTERRUPCIONE_RB
0x0366	0x5320 ;?ICS?lstr1_INTERRUPCIONE_RB+0
0x0368	0x5349 ;?ICS?lstr1_INTERRUPCIONE_RB+2
0x036A	0x2E54 ;?ICS?lstr1_INTERRUPCIONE_RB+4
0x036C	0x5320 ;?ICS?lstr1_INTERRUPCIONE_RB+6
0x036E	0x4745 ;?ICS?lstr1_INTERRUPCIONE_RB+8
0x0370	0x5255 ;?ICS?lstr1_INTERRUPCIONE_RB+10
0x0372	0x4449 ;?ICS?lstr1_INTERRUPCIONE_RB+12
0x0374	0x4441 ;?ICS?lstr1_INTERRUPCIONE_RB+14
0x0376	0x00 ;?ICS?lstr1_INTERRUPCIONE_RB+16
; end of ?ICS?lstr1_INTERRUPCIONE_RB
Symbol List:
//** Routines locations **
//ADDRESS    SIZE    PROCEDURE
//----------------------------------------------
0x0008      [84]    _Interrupt
0x005C      [12]    _Delay_1us
0x0068      [22]    _Delay_5500us
0x007E      [10]    _Delay_50us
0x0088     [126]    _Lcd_Cmd
0x0106      [14]    _Lcd_Chr_CP
0x0114      [16]    ___CC2DW
0x0124     [152]    _Lcd_Init
0x01BC     [126]    _Lcd_Out
0x023A     [232]    _main
//** Variables locations ** 
//ADDRESS    SIZE    VARIABLE
//----------------------------------------------
0x0000       [1]    R0
0x0001       [1]    R1
0x0002       [1]    R2
0x0003       [1]    R3
0x0004       [1]    R4
0x0005       [1]    R5
0x0006       [1]    R6
0x0007       [1]    R7
0x0008       [1]    R8
0x0009       [1]    R9
0x000A       [1]    R10
0x000B       [1]    R11
0x000C       [1]    R12
0x000D       [1]    R13
0x000E       [1]    R14
0x000F       [1]    R15
0x0010       [1]    R16
0x0011       [1]    R17
0x0012       [1]    R18
0x0013       [1]    R19
0x0014       [1]    R20
0x0017       [8]    ?lstr7_INTERRUPCIONE_RB
0x001F       [8]    ?lstr6_INTERRUPCIONE_RB
0x0027       [1]    _zona4
0x0028       [8]    ?lstr9_INTERRUPCIONE_RB
0x0030       [8]    ?lstr8_INTERRUPCIONE_RB
0x0038       [1]    _zona3
0x0039       [8]    ?lstr2_INTERRUPCIONE_RB
0x0041       [8]    ?lstr3_INTERRUPCIONE_RB
0x0049       [1]    _zona2
0x004A       [1]    _zona1
0x004B       [8]    ?lstr5_INTERRUPCIONE_RB
0x0053       [8]    ?lstr4_INTERRUPCIONE_RB
0x005B      [17]    ?lstr1_INTERRUPCIONE_RB
0x006C       [1]    _valorB
0x006D       [0]    __Lib_Lcd_cmd_status
0x006E       [1]    FARG_Lcd_Out_row
0x006F       [1]    FARG_Lcd_Out_column
0x0070       [2]    FARG_Lcd_Out_text
0x0072       [1]    Lcd_Out_i_L0
0x0073       [1]    FARG_Lcd_Chr_CP_out_char
0x0074       [1]    FARG_Lcd_Cmd_out_char
0x0F81       [1]    PORTB
0x0F83       [0]    RD1_bit
0x0F83       [0]    LCD_RS
0x0F83       [0]    LCD_EN
0x0F83       [0]    LCD_D5
0x0F83       [0]    LCD_D4
0x0F83       [0]    LCD_D6
0x0F83       [0]    LCD_D7
0x0F83       [0]    RD7_bit
0x0F83       [0]    RD6_bit
0x0F83       [0]    RD5_bit
0x0F83       [0]    RD4_bit
0x0F83       [0]    RD0_bit
0x0F8A       [1]    LATB
0x0F93       [1]    TRISB
0x0F95       [0]    LCD_D7_Direction
0x0F95       [0]    LCD_D6_Direction
0x0F95       [0]    LCD_D5_Direction
0x0F95       [0]    LCD_EN_Direction
0x0F95       [0]    TRISD0_bit
0x0F95       [0]    TRISD1_bit
0x0F95       [0]    LCD_RS_Direction
0x0F95       [0]    TRISD5_bit
0x0F95       [0]    TRISD6_bit
0x0F95       [0]    TRISD7_bit
0x0F95       [0]    TRISD4_bit
0x0F95       [0]    LCD_D4_Direction
0x0FC1       [1]    ADCON1
0x0FD8       [1]    STATUS
0x0FD9       [1]    FSR2L
0x0FDA       [1]    FSR2H
0x0FDE       [1]    POSTINC2
0x0FE0       [1]    BSR
0x0FE1       [1]    FSR1L
0x0FE2       [1]    FSR1H
0x0FE4       [1]    PREINC1
0x0FE6       [1]    POSTINC1
0x0FE7       [1]    INDF1
0x0FE8       [1]    WREG
0x0FE9       [1]    FSR0L
0x0FEA       [1]    FSR0H
0x0FEE       [1]    POSTINC0
0x0FF2       [0]    RBIF_bit
0x0FF2       [0]    GIE_bit
0x0FF2       [0]    RBIE_bit
0x0FF3       [1]    PRODL
0x0FF4       [1]    PRODH
0x0FF5       [1]    TABLAT
0x0FF6       [1]    TBLPTRL
0x0FF7       [1]    TBLPTRH
0x0FF8       [1]    TBLPTRU
//** Constants locations ** 
//ADDRESS    SIZE    CONSTANT
//----------------------------------------------
0x0322       [8]    ?ICS?lstr7_INTERRUPCIONE_RB
0x032A       [8]    ?ICS?lstr6_INTERRUPCIONE_RB
0x0332       [1]    ?ICS_zona4
0x0333       [8]    ?ICS?lstr9_INTERRUPCIONE_RB
0x033B       [8]    ?ICS?lstr8_INTERRUPCIONE_RB
0x0343       [1]    ?ICS_zona3
0x0344       [8]    ?ICS?lstr2_INTERRUPCIONE_RB
0x034C       [8]    ?ICS?lstr3_INTERRUPCIONE_RB
0x0354       [1]    ?ICS_zona2
0x0355       [1]    ?ICS_zona1
0x0356       [8]    ?ICS?lstr5_INTERRUPCIONE_RB
0x035E       [8]    ?ICS?lstr4_INTERRUPCIONE_RB
0x0366      [17]    ?ICS?lstr1_INTERRUPCIONE_RB
